2020-07-28 13:15:29,141 [Worker-5: Loading available Gradle versions] INFO  o.e.b.c.i.u.g.PublishedGradleVersions - Gradle version information cache is up-to-date. Trying to read.
2020-07-28 13:21:16,666 [Worker-21: Creating project "com.bluehost"] INFO  o.e.m.c.i.l.LifecycleMappingFactory - Using org.eclipse.m2e.jdt.JarLifecycleMapping lifecycle mapping for MavenProject: bluehost:com.bluehost:0.0.1-SNAPSHOT @ C:\new\com.bluehost\pom.xml.
2020-07-28 13:21:17,488 [Worker-21: Creating project "com.bluehost"] INFO  o.e.m.j.i.AbstractJavaProjectConfigurator - Adding source folder /com.bluehost/src/main/java
2020-07-28 13:21:17,489 [Worker-21: Creating project "com.bluehost"] INFO  o.e.m.j.i.AbstractJavaProjectConfigurator - Adding resource folder /com.bluehost/src/main/resources
2020-07-28 13:21:17,490 [Worker-21: Creating project "com.bluehost"] INFO  o.e.m.j.i.AbstractJavaProjectConfigurator - Adding source folder /com.bluehost/src/test/java
2020-07-28 13:21:17,490 [Worker-21: Creating project "com.bluehost"] INFO  o.e.m.j.i.AbstractJavaProjectConfigurator - Adding resource folder /com.bluehost/src/test/resources
2020-07-28 13:21:18,301 [Worker-22: Building] WARN  o.e.m.c.i.embedder.EclipseLogger - Using platform encoding (Cp1252 actually) to copy filtered resources, i.e. build is platform dependent!
2020-07-28 13:21:18,305 [Worker-22: Building] INFO  o.e.m.c.i.embedder.EclipseLogger - Copying 0 resource
2020-07-28 13:21:18,307 [Worker-22: Building] WARN  o.e.m.c.i.embedder.EclipseLogger - Using platform encoding (Cp1252 actually) to copy filtered resources, i.e. build is platform dependent!
2020-07-28 13:21:18,308 [Worker-22: Building] INFO  o.e.m.c.i.embedder.EclipseLogger - Copying 0 resource
2020-07-28 13:21:25,702 [Worker-21: Building] WARN  o.e.m.c.i.embedder.EclipseLogger - Using platform encoding (Cp1252 actually) to copy filtered resources, i.e. build is platform dependent!
2020-07-28 13:21:25,705 [Worker-21: Building] INFO  o.e.m.c.i.embedder.EclipseLogger - Copying 0 resource
2020-07-28 13:21:25,706 [Worker-21: Building] WARN  o.e.m.c.i.embedder.EclipseLogger - Using platform encoding (Cp1252 actually) to copy filtered resources, i.e. build is platform dependent!
2020-07-28 13:21:25,708 [Worker-21: Building] INFO  o.e.m.c.i.embedder.EclipseLogger - Copying 0 resource
2020-07-28 13:21:37,819 [Worker-22: Building] INFO  o.e.m.c.i.l.LifecycleMappingFactory - Using org.eclipse.m2e.jdt.JarLifecycleMapping lifecycle mapping for MavenProject: bluehost:com.bluehost:0.0.1-SNAPSHOT @ C:\new\BluehostApp\pom.xml.
2020-07-28 13:21:37,880 [Worker-22: Building] WARN  o.e.m.c.i.embedder.EclipseLogger - Using platform encoding (Cp1252 actually) to copy filtered resources, i.e. build is platform dependent!
2020-07-28 13:21:37,882 [Worker-22: Building] INFO  o.e.m.c.i.embedder.EclipseLogger - Copying 0 resource
2020-07-28 13:21:37,884 [Worker-22: Building] WARN  o.e.m.c.i.embedder.EclipseLogger - Using platform encoding (Cp1252 actually) to copy filtered resources, i.e. build is platform dependent!
2020-07-28 13:21:37,886 [Worker-22: Building] INFO  o.e.m.c.i.embedder.EclipseLogger - Copying 0 resource
2020-07-28 13:22:38,620 [Worker-9: Building] INFO  o.e.m.c.i.l.LifecycleMappingFactory - Using org.eclipse.m2e.jdt.JarLifecycleMapping lifecycle mapping for MavenProject: bluehost:com.bluehost:0.0.1-SNAPSHOT @ C:\new\BluehostApp\pom.xml.
2020-07-28 13:22:39,818 [Worker-9: Building] INFO  o.e.m.c.i.embedder.EclipseLogger - Using 'UTF-8' encoding to copy filtered resources.
2020-07-28 13:22:39,820 [Worker-9: Building] INFO  o.e.m.c.i.embedder.EclipseLogger - Copying 0 resource
2020-07-28 13:22:39,821 [Worker-9: Building] INFO  o.e.m.c.i.embedder.EclipseLogger - Copying 0 resource
2020-07-28 13:22:39,823 [Worker-9: Building] INFO  o.e.m.c.i.embedder.EclipseLogger - Using 'UTF-8' encoding to copy filtered resources.
2020-07-28 13:22:39,823 [Worker-9: Building] INFO  o.e.m.c.i.embedder.EclipseLogger - Copying 0 resource
2020-07-28 13:22:42,233 [Worker-22: Building] INFO  o.e.m.c.i.embedder.EclipseLogger - Using 'UTF-8' encoding to copy filtered resources.
2020-07-28 13:22:42,234 [Worker-22: Building] INFO  o.e.m.c.i.embedder.EclipseLogger - Copying 0 resource
2020-07-28 13:22:42,235 [Worker-22: Building] INFO  o.e.m.c.i.embedder.EclipseLogger - Copying 0 resource
2020-07-28 13:22:42,236 [Worker-22: Building] INFO  o.e.m.c.i.embedder.EclipseLogger - Using 'UTF-8' encoding to copy filtered resources.
2020-07-28 13:22:42,237 [Worker-22: Building] INFO  o.e.m.c.i.embedder.EclipseLogger - Copying 0 resource
2020-07-28 13:23:00,510 [Worker-23: Building] INFO  o.e.m.c.i.l.LifecycleMappingFactory - Using org.eclipse.m2e.jdt.JarLifecycleMapping lifecycle mapping for MavenProject: bluehost:com.bluehost:0.0.1-SNAPSHOT @ C:\new\AcmeWebApp\pom.xml.
2020-07-28 13:23:01,465 [Worker-23: Building] INFO  o.e.m.c.i.embedder.EclipseLogger - Using 'UTF-8' encoding to copy filtered resources.
2020-07-28 13:23:01,465 [Worker-23: Building] INFO  o.e.m.c.i.embedder.EclipseLogger - Copying 0 resource
2020-07-28 13:23:01,465 [Worker-23: Building] INFO  o.e.m.c.i.embedder.EclipseLogger - Copying 0 resource
2020-07-28 13:23:01,467 [Worker-23: Building] INFO  o.e.m.c.i.embedder.EclipseLogger - Using 'UTF-8' encoding to copy filtered resources.
2020-07-28 13:23:01,468 [Worker-23: Building] INFO  o.e.m.c.i.embedder.EclipseLogger - Copying 0 resource
2020-07-28 13:23:03,528 [Worker-22: Building] INFO  o.e.m.c.i.embedder.EclipseLogger - Using 'UTF-8' encoding to copy filtered resources.
2020-07-28 13:23:03,529 [Worker-22: Building] INFO  o.e.m.c.i.embedder.EclipseLogger - Copying 0 resource
2020-07-28 13:23:03,529 [Worker-22: Building] INFO  o.e.m.c.i.embedder.EclipseLogger - Copying 0 resource
2020-07-28 13:23:03,530 [Worker-22: Building] INFO  o.e.m.c.i.embedder.EclipseLogger - Using 'UTF-8' encoding to copy filtered resources.
2020-07-28 13:23:03,531 [Worker-22: Building] INFO  o.e.m.c.i.embedder.EclipseLogger - Copying 0 resource
2020-07-28 13:27:39,781 [Worker-20: Building] INFO  o.e.m.c.i.embedder.EclipseLogger - Using 'UTF-8' encoding to copy filtered resources.
2020-07-28 13:27:39,782 [Worker-20: Building] INFO  o.e.m.c.i.embedder.EclipseLogger - Copying 0 resource
2020-07-28 13:27:39,783 [Worker-20: Building] INFO  o.e.m.c.i.embedder.EclipseLogger - Copying 0 resource
2020-07-28 13:27:39,786 [Worker-20: Building] INFO  o.e.m.c.i.embedder.EclipseLogger - Using 'UTF-8' encoding to copy filtered resources.
2020-07-28 13:27:39,787 [Worker-20: Building] INFO  o.e.m.c.i.embedder.EclipseLogger - Copying 0 resource
2020-07-28 13:30:29,964 [Worker-27: Building] INFO  o.e.m.c.i.embedder.EclipseLogger - Using 'UTF-8' encoding to copy filtered resources.
2020-07-28 13:30:29,965 [Worker-27: Building] INFO  o.e.m.c.i.embedder.EclipseLogger - Copying 0 resource
2020-07-28 13:30:29,966 [Worker-27: Building] INFO  o.e.m.c.i.embedder.EclipseLogger - Copying 0 resource
2020-07-28 13:30:29,968 [Worker-27: Building] INFO  o.e.m.c.i.embedder.EclipseLogger - Using 'UTF-8' encoding to copy filtered resources.
2020-07-28 13:30:29,968 [Worker-27: Building] INFO  o.e.m.c.i.embedder.EclipseLogger - Copying 0 resource
2020-07-28 13:30:42,912 [Worker-27: Building] INFO  o.e.m.c.i.embedder.EclipseLogger - Using 'UTF-8' encoding to copy filtered resources.
2020-07-28 13:30:42,913 [Worker-27: Building] INFO  o.e.m.c.i.embedder.EclipseLogger - Copying 0 resource
2020-07-28 13:30:42,914 [Worker-27: Building] INFO  o.e.m.c.i.embedder.EclipseLogger - Copying 0 resource
2020-07-28 13:30:42,916 [Worker-27: Building] INFO  o.e.m.c.i.embedder.EclipseLogger - Using 'UTF-8' encoding to copy filtered resources.
2020-07-28 13:30:42,917 [Worker-27: Building] INFO  o.e.m.c.i.embedder.EclipseLogger - Copying 0 resource
2020-07-28 13:30:45,706 [Worker-23: Building] INFO  o.e.m.c.i.embedder.EclipseLogger - Using 'UTF-8' encoding to copy filtered resources.
2020-07-28 13:30:45,706 [Worker-23: Building] INFO  o.e.m.c.i.embedder.EclipseLogger - Copying 0 resource
2020-07-28 13:30:45,706 [Worker-23: Building] INFO  o.e.m.c.i.embedder.EclipseLogger - Copying 0 resource
2020-07-28 13:30:45,734 [Worker-23: Building] INFO  o.e.m.c.i.embedder.EclipseLogger - Using 'UTF-8' encoding to copy filtered resources.
2020-07-28 13:30:45,734 [Worker-23: Building] INFO  o.e.m.c.i.embedder.EclipseLogger - Copying 0 resource
2020-07-28 13:30:54,913 [Worker-27: Building] INFO  o.e.m.c.i.embedder.EclipseLogger - Using 'UTF-8' encoding to copy filtered resources.
2020-07-28 13:30:54,914 [Worker-27: Building] INFO  o.e.m.c.i.embedder.EclipseLogger - Copying 0 resource
2020-07-28 13:30:54,915 [Worker-27: Building] INFO  o.e.m.c.i.embedder.EclipseLogger - Copying 0 resource
2020-07-28 13:30:54,917 [Worker-27: Building] INFO  o.e.m.c.i.embedder.EclipseLogger - Using 'UTF-8' encoding to copy filtered resources.
2020-07-28 13:30:54,917 [Worker-27: Building] INFO  o.e.m.c.i.embedder.EclipseLogger - Copying 0 resource
2020-07-28 13:43:49,249 [Worker-34: Building] INFO  o.e.m.c.i.embedder.EclipseLogger - Using 'UTF-8' encoding to copy filtered resources.
2020-07-28 13:43:49,250 [Worker-34: Building] INFO  o.e.m.c.i.embedder.EclipseLogger - Copying 0 resource
2020-07-28 13:43:49,250 [Worker-34: Building] INFO  o.e.m.c.i.embedder.EclipseLogger - Copying 0 resource
2020-07-28 13:43:49,252 [Worker-34: Building] INFO  o.e.m.c.i.embedder.EclipseLogger - Using 'UTF-8' encoding to copy filtered resources.
2020-07-28 13:43:49,253 [Worker-34: Building] INFO  o.e.m.c.i.embedder.EclipseLogger - Copying 0 resource
2020-07-28 13:43:59,461 [Worker-33: Building] INFO  o.e.m.c.i.embedder.EclipseLogger - Using 'UTF-8' encoding to copy filtered resources.
2020-07-28 13:43:59,461 [Worker-33: Building] INFO  o.e.m.c.i.embedder.EclipseLogger - Copying 0 resource
2020-07-28 13:43:59,462 [Worker-33: Building] INFO  o.e.m.c.i.embedder.EclipseLogger - Copying 0 resource
2020-07-28 13:43:59,464 [Worker-33: Building] INFO  o.e.m.c.i.embedder.EclipseLogger - Using 'UTF-8' encoding to copy filtered resources.
2020-07-28 13:43:59,464 [Worker-33: Building] INFO  o.e.m.c.i.embedder.EclipseLogger - Copying 0 resource
2020-07-28 13:44:08,621 [Worker-33: Building] INFO  o.e.m.c.i.embedder.EclipseLogger - Using 'UTF-8' encoding to copy filtered resources.
2020-07-28 13:44:08,621 [Worker-33: Building] INFO  o.e.m.c.i.embedder.EclipseLogger - Copying 0 resource
2020-07-28 13:44:08,622 [Worker-33: Building] INFO  o.e.m.c.i.embedder.EclipseLogger - Copying 0 resource
2020-07-28 13:44:08,625 [Worker-33: Building] INFO  o.e.m.c.i.embedder.EclipseLogger - Using 'UTF-8' encoding to copy filtered resources.
2020-07-28 13:44:08,625 [Worker-33: Building] INFO  o.e.m.c.i.embedder.EclipseLogger - Copying 0 resource
2020-07-28 13:44:18,433 [Worker-36: Building] INFO  o.e.m.c.i.embedder.EclipseLogger - Using 'UTF-8' encoding to copy filtered resources.
2020-07-28 13:44:18,435 [Worker-36: Building] INFO  o.e.m.c.i.embedder.EclipseLogger - Copying 0 resource
2020-07-28 13:44:18,435 [Worker-36: Building] INFO  o.e.m.c.i.embedder.EclipseLogger - Copying 0 resource
2020-07-28 13:44:18,439 [Worker-36: Building] INFO  o.e.m.c.i.embedder.EclipseLogger - Using 'UTF-8' encoding to copy filtered resources.
2020-07-28 13:44:18,439 [Worker-36: Building] INFO  o.e.m.c.i.embedder.EclipseLogger - Copying 0 resource
2020-07-28 13:44:23,940 [Worker-35: Building] INFO  o.e.m.c.i.embedder.EclipseLogger - Using 'UTF-8' encoding to copy filtered resources.
2020-07-28 13:44:23,942 [Worker-35: Building] INFO  o.e.m.c.i.embedder.EclipseLogger - Copying 0 resource
2020-07-28 13:44:23,942 [Worker-35: Building] INFO  o.e.m.c.i.embedder.EclipseLogger - Copying 0 resource
2020-07-28 13:44:23,944 [Worker-35: Building] INFO  o.e.m.c.i.embedder.EclipseLogger - Using 'UTF-8' encoding to copy filtered resources.
2020-07-28 13:44:23,946 [Worker-35: Building] INFO  o.e.m.c.i.embedder.EclipseLogger - Copying 0 resource
2020-07-28 13:44:26,051 [Worker-28: Building] INFO  o.e.m.c.i.embedder.EclipseLogger - Using 'UTF-8' encoding to copy filtered resources.
2020-07-28 13:44:26,053 [Worker-28: Building] INFO  o.e.m.c.i.embedder.EclipseLogger - Copying 0 resource
2020-07-28 13:44:26,054 [Worker-28: Building] INFO  o.e.m.c.i.embedder.EclipseLogger - Copying 0 resource
2020-07-28 13:44:26,056 [Worker-28: Building] INFO  o.e.m.c.i.embedder.EclipseLogger - Using 'UTF-8' encoding to copy filtered resources.
2020-07-28 13:44:26,057 [Worker-28: Building] INFO  o.e.m.c.i.embedder.EclipseLogger - Copying 0 resource
2020-07-28 13:51:47,751 [Worker-36: Building] INFO  o.e.m.c.i.embedder.EclipseLogger - Using 'UTF-8' encoding to copy filtered resources.
2020-07-28 13:51:47,752 [Worker-36: Building] INFO  o.e.m.c.i.embedder.EclipseLogger - Copying 0 resource
2020-07-28 13:51:47,753 [Worker-36: Building] INFO  o.e.m.c.i.embedder.EclipseLogger - Copying 0 resource
2020-07-28 13:51:47,756 [Worker-36: Building] INFO  o.e.m.c.i.embedder.EclipseLogger - Using 'UTF-8' encoding to copy filtered resources.
2020-07-28 13:51:47,757 [Worker-36: Building] INFO  o.e.m.c.i.embedder.EclipseLogger - Copying 0 resource
2020-07-28 13:54:29,876 [Worker-36: Building] INFO  o.e.m.c.i.embedder.EclipseLogger - Using 'UTF-8' encoding to copy filtered resources.
2020-07-28 13:54:29,877 [Worker-36: Building] INFO  o.e.m.c.i.embedder.EclipseLogger - Copying 0 resource
2020-07-28 13:54:29,878 [Worker-36: Building] INFO  o.e.m.c.i.embedder.EclipseLogger - Copying 0 resource
2020-07-28 13:54:29,880 [Worker-36: Building] INFO  o.e.m.c.i.embedder.EclipseLogger - Using 'UTF-8' encoding to copy filtered resources.
2020-07-28 13:54:29,881 [Worker-36: Building] INFO  o.e.m.c.i.embedder.EclipseLogger - Copying 0 resource
2020-07-28 13:57:11,363 [Worker-40: Building] INFO  o.e.m.c.i.embedder.EclipseLogger - Using 'UTF-8' encoding to copy filtered resources.
2020-07-28 13:57:11,364 [Worker-40: Building] INFO  o.e.m.c.i.embedder.EclipseLogger - Copying 0 resource
2020-07-28 13:57:11,365 [Worker-40: Building] INFO  o.e.m.c.i.embedder.EclipseLogger - Copying 0 resource
2020-07-28 13:57:11,367 [Worker-40: Building] INFO  o.e.m.c.i.embedder.EclipseLogger - Using 'UTF-8' encoding to copy filtered resources.
2020-07-28 13:57:11,367 [Worker-40: Building] INFO  o.e.m.c.i.embedder.EclipseLogger - Copying 0 resource
2020-07-28 13:57:18,173 [Worker-36: Building] INFO  o.e.m.c.i.embedder.EclipseLogger - Using 'UTF-8' encoding to copy filtered resources.
2020-07-28 13:57:18,174 [Worker-36: Building] INFO  o.e.m.c.i.embedder.EclipseLogger - Copying 0 resource
2020-07-28 13:57:18,174 [Worker-36: Building] INFO  o.e.m.c.i.embedder.EclipseLogger - Copying 0 resource
2020-07-28 13:57:18,176 [Worker-36: Building] INFO  o.e.m.c.i.embedder.EclipseLogger - Using 'UTF-8' encoding to copy filtered resources.
2020-07-28 13:57:18,177 [Worker-36: Building] INFO  o.e.m.c.i.embedder.EclipseLogger - Copying 0 resource
2020-07-28 13:57:27,176 [Worker-42: Building] INFO  o.e.m.c.i.embedder.EclipseLogger - Using 'UTF-8' encoding to copy filtered resources.
2020-07-28 13:57:27,176 [Worker-42: Building] INFO  o.e.m.c.i.embedder.EclipseLogger - Copying 0 resource
2020-07-28 13:57:27,177 [Worker-42: Building] INFO  o.e.m.c.i.embedder.EclipseLogger - Copying 0 resource
2020-07-28 13:57:27,178 [Worker-42: Building] INFO  o.e.m.c.i.embedder.EclipseLogger - Using 'UTF-8' encoding to copy filtered resources.
2020-07-28 13:57:27,179 [Worker-42: Building] INFO  o.e.m.c.i.embedder.EclipseLogger - Copying 0 resource
2020-07-28 13:57:51,265 [Worker-44: Building] INFO  o.e.m.c.i.embedder.EclipseLogger - Using 'UTF-8' encoding to copy filtered resources.
2020-07-28 13:57:51,266 [Worker-44: Building] INFO  o.e.m.c.i.embedder.EclipseLogger - Copying 0 resource
2020-07-28 13:57:51,267 [Worker-44: Building] INFO  o.e.m.c.i.embedder.EclipseLogger - Copying 0 resource
2020-07-28 13:57:51,268 [Worker-44: Building] INFO  o.e.m.c.i.embedder.EclipseLogger - Using 'UTF-8' encoding to copy filtered resources.
2020-07-28 13:57:51,268 [Worker-44: Building] INFO  o.e.m.c.i.embedder.EclipseLogger - Copying 0 resource
2020-07-28 13:58:09,512 [Worker-44: Building] INFO  o.e.m.c.i.embedder.EclipseLogger - Using 'UTF-8' encoding to copy filtered resources.
2020-07-28 13:58:09,513 [Worker-44: Building] INFO  o.e.m.c.i.embedder.EclipseLogger - Copying 0 resource
2020-07-28 13:58:09,514 [Worker-44: Building] INFO  o.e.m.c.i.embedder.EclipseLogger - Copying 0 resource
2020-07-28 13:58:09,515 [Worker-44: Building] INFO  o.e.m.c.i.embedder.EclipseLogger - Using 'UTF-8' encoding to copy filtered resources.
2020-07-28 13:58:09,515 [Worker-44: Building] INFO  o.e.m.c.i.embedder.EclipseLogger - Copying 0 resource
2020-07-28 13:58:25,576 [Worker-41: Building] INFO  o.e.m.c.i.embedder.EclipseLogger - Using 'UTF-8' encoding to copy filtered resources.
2020-07-28 13:58:25,577 [Worker-41: Building] INFO  o.e.m.c.i.embedder.EclipseLogger - Copying 0 resource
2020-07-28 13:58:25,578 [Worker-41: Building] INFO  o.e.m.c.i.embedder.EclipseLogger - Copying 0 resource
2020-07-28 13:58:25,579 [Worker-41: Building] INFO  o.e.m.c.i.embedder.EclipseLogger - Using 'UTF-8' encoding to copy filtered resources.
2020-07-28 13:58:25,579 [Worker-41: Building] INFO  o.e.m.c.i.embedder.EclipseLogger - Copying 0 resource
2020-07-28 13:58:38,180 [Worker-40: Building] INFO  o.e.m.c.i.embedder.EclipseLogger - Using 'UTF-8' encoding to copy filtered resources.
2020-07-28 13:58:38,181 [Worker-40: Building] INFO  o.e.m.c.i.embedder.EclipseLogger - Copying 0 resource
2020-07-28 13:58:38,181 [Worker-40: Building] INFO  o.e.m.c.i.embedder.EclipseLogger - Copying 0 resource
2020-07-28 13:58:38,183 [Worker-40: Building] INFO  o.e.m.c.i.embedder.EclipseLogger - Using 'UTF-8' encoding to copy filtered resources.
2020-07-28 13:58:38,183 [Worker-40: Building] INFO  o.e.m.c.i.embedder.EclipseLogger - Copying 0 resource
2020-07-28 13:58:49,495 [Worker-36: Building] INFO  o.e.m.c.i.embedder.EclipseLogger - Using 'UTF-8' encoding to copy filtered resources.
2020-07-28 13:58:49,496 [Worker-36: Building] INFO  o.e.m.c.i.embedder.EclipseLogger - Copying 0 resource
2020-07-28 13:58:49,496 [Worker-36: Building] INFO  o.e.m.c.i.embedder.EclipseLogger - Copying 0 resource
2020-07-28 13:58:49,498 [Worker-36: Building] INFO  o.e.m.c.i.embedder.EclipseLogger - Using 'UTF-8' encoding to copy filtered resources.
2020-07-28 13:58:49,498 [Worker-36: Building] INFO  o.e.m.c.i.embedder.EclipseLogger - Copying 0 resource
2020-07-28 13:58:55,658 [Worker-45: Building] INFO  o.e.m.c.i.embedder.EclipseLogger - Using 'UTF-8' encoding to copy filtered resources.
2020-07-28 13:58:55,659 [Worker-45: Building] INFO  o.e.m.c.i.embedder.EclipseLogger - Copying 0 resource
2020-07-28 13:58:55,659 [Worker-45: Building] INFO  o.e.m.c.i.embedder.EclipseLogger - Copying 0 resource
2020-07-28 13:58:55,661 [Worker-45: Building] INFO  o.e.m.c.i.embedder.EclipseLogger - Using 'UTF-8' encoding to copy filtered resources.
2020-07-28 13:58:55,661 [Worker-45: Building] INFO  o.e.m.c.i.embedder.EclipseLogger - Copying 0 resource
2020-07-28 13:59:51,553 [Worker-44: Building] INFO  o.e.m.c.i.embedder.EclipseLogger - Using 'UTF-8' encoding to copy filtered resources.
2020-07-28 13:59:51,553 [Worker-44: Building] INFO  o.e.m.c.i.embedder.EclipseLogger - Copying 0 resource
2020-07-28 13:59:51,554 [Worker-44: Building] INFO  o.e.m.c.i.embedder.EclipseLogger - Copying 0 resource
2020-07-28 13:59:51,555 [Worker-44: Building] INFO  o.e.m.c.i.embedder.EclipseLogger - Using 'UTF-8' encoding to copy filtered resources.
2020-07-28 13:59:51,556 [Worker-44: Building] INFO  o.e.m.c.i.embedder.EclipseLogger - Copying 0 resource
2020-07-28 13:59:56,261 [Worker-42: Building] INFO  o.e.m.c.i.embedder.EclipseLogger - Using 'UTF-8' encoding to copy filtered resources.
2020-07-28 13:59:56,262 [Worker-42: Building] INFO  o.e.m.c.i.embedder.EclipseLogger - Copying 0 resource
2020-07-28 13:59:56,262 [Worker-42: Building] INFO  o.e.m.c.i.embedder.EclipseLogger - Copying 0 resource
2020-07-28 13:59:56,263 [Worker-42: Building] INFO  o.e.m.c.i.embedder.EclipseLogger - Using 'UTF-8' encoding to copy filtered resources.
2020-07-28 13:59:56,264 [Worker-42: Building] INFO  o.e.m.c.i.embedder.EclipseLogger - Copying 0 resource
2020-07-28 14:00:07,269 [Worker-43: Building] INFO  o.e.m.c.i.embedder.EclipseLogger - Using 'UTF-8' encoding to copy filtered resources.
2020-07-28 14:00:07,269 [Worker-43: Building] INFO  o.e.m.c.i.embedder.EclipseLogger - Copying 0 resource
2020-07-28 14:00:07,270 [Worker-43: Building] INFO  o.e.m.c.i.embedder.EclipseLogger - Copying 0 resource
2020-07-28 14:00:07,271 [Worker-43: Building] INFO  o.e.m.c.i.embedder.EclipseLogger - Using 'UTF-8' encoding to copy filtered resources.
2020-07-28 14:00:07,271 [Worker-43: Building] INFO  o.e.m.c.i.embedder.EclipseLogger - Copying 0 resource
2020-07-28 14:00:19,362 [Worker-41: Building] INFO  o.e.m.c.i.embedder.EclipseLogger - Using 'UTF-8' encoding to copy filtered resources.
2020-07-28 14:00:19,362 [Worker-41: Building] INFO  o.e.m.c.i.embedder.EclipseLogger - Copying 0 resource
2020-07-28 14:00:19,363 [Worker-41: Building] INFO  o.e.m.c.i.embedder.EclipseLogger - Copying 0 resource
2020-07-28 14:00:19,364 [Worker-41: Building] INFO  o.e.m.c.i.embedder.EclipseLogger - Using 'UTF-8' encoding to copy filtered resources.
2020-07-28 14:00:19,365 [Worker-41: Building] INFO  o.e.m.c.i.embedder.EclipseLogger - Copying 0 resource
2020-07-28 14:00:37,295 [Worker-36: Building] INFO  o.e.m.c.i.embedder.EclipseLogger - Using 'UTF-8' encoding to copy filtered resources.
2020-07-28 14:00:37,296 [Worker-36: Building] INFO  o.e.m.c.i.embedder.EclipseLogger - Copying 0 resource
2020-07-28 14:00:37,297 [Worker-36: Building] INFO  o.e.m.c.i.embedder.EclipseLogger - Copying 0 resource
2020-07-28 14:00:37,300 [Worker-36: Building] INFO  o.e.m.c.i.embedder.EclipseLogger - Using 'UTF-8' encoding to copy filtered resources.
2020-07-28 14:00:37,300 [Worker-36: Building] INFO  o.e.m.c.i.embedder.EclipseLogger - Copying 0 resource
2020-07-28 14:00:48,367 [Worker-45: Building] INFO  o.e.m.c.i.embedder.EclipseLogger - Using 'UTF-8' encoding to copy filtered resources.
2020-07-28 14:00:48,367 [Worker-45: Building] INFO  o.e.m.c.i.embedder.EclipseLogger - Copying 0 resource
2020-07-28 14:00:48,368 [Worker-45: Building] INFO  o.e.m.c.i.embedder.EclipseLogger - Copying 0 resource
2020-07-28 14:00:48,371 [Worker-45: Building] INFO  o.e.m.c.i.embedder.EclipseLogger - Using 'UTF-8' encoding to copy filtered resources.
2020-07-28 14:00:48,371 [Worker-45: Building] INFO  o.e.m.c.i.embedder.EclipseLogger - Copying 0 resource
2020-07-28 14:02:22,301 [Worker-45: Building] INFO  o.e.m.c.i.embedder.EclipseLogger - Using 'UTF-8' encoding to copy filtered resources.
2020-07-28 14:02:22,302 [Worker-45: Building] INFO  o.e.m.c.i.embedder.EclipseLogger - Copying 0 resource
2020-07-28 14:02:22,302 [Worker-45: Building] INFO  o.e.m.c.i.embedder.EclipseLogger - Copying 0 resource
2020-07-28 14:02:22,304 [Worker-45: Building] INFO  o.e.m.c.i.embedder.EclipseLogger - Using 'UTF-8' encoding to copy filtered resources.
2020-07-28 14:02:22,304 [Worker-45: Building] INFO  o.e.m.c.i.embedder.EclipseLogger - Copying 0 resource
2020-07-28 14:02:54,448 [Worker-46: Building] INFO  o.e.m.c.i.embedder.EclipseLogger - Using 'UTF-8' encoding to copy filtered resources.
2020-07-28 14:02:54,449 [Worker-46: Building] INFO  o.e.m.c.i.embedder.EclipseLogger - Copying 0 resource
2020-07-28 14:02:54,450 [Worker-46: Building] INFO  o.e.m.c.i.embedder.EclipseLogger - Copying 0 resource
2020-07-28 14:02:54,452 [Worker-46: Building] INFO  o.e.m.c.i.embedder.EclipseLogger - Using 'UTF-8' encoding to copy filtered resources.
2020-07-28 14:02:54,452 [Worker-46: Building] INFO  o.e.m.c.i.embedder.EclipseLogger - Copying 0 resource
2020-07-28 14:03:07,189 [Worker-46: Building] INFO  o.e.m.c.i.embedder.EclipseLogger - Using 'UTF-8' encoding to copy filtered resources.
2020-07-28 14:03:07,190 [Worker-46: Building] INFO  o.e.m.c.i.embedder.EclipseLogger - Copying 0 resource
2020-07-28 14:03:07,192 [Worker-46: Building] INFO  o.e.m.c.i.embedder.EclipseLogger - Copying 0 resource
2020-07-28 14:03:07,194 [Worker-46: Building] INFO  o.e.m.c.i.embedder.EclipseLogger - Using 'UTF-8' encoding to copy filtered resources.
2020-07-28 14:03:07,194 [Worker-46: Building] INFO  o.e.m.c.i.embedder.EclipseLogger - Copying 0 resource
2020-07-28 14:03:41,697 [Worker-47: Building] INFO  o.e.m.c.i.embedder.EclipseLogger - Using 'UTF-8' encoding to copy filtered resources.
2020-07-28 14:03:41,698 [Worker-47: Building] INFO  o.e.m.c.i.embedder.EclipseLogger - Copying 0 resource
2020-07-28 14:03:41,698 [Worker-47: Building] INFO  o.e.m.c.i.embedder.EclipseLogger - Copying 0 resource
2020-07-28 14:03:41,700 [Worker-47: Building] INFO  o.e.m.c.i.embedder.EclipseLogger - Using 'UTF-8' encoding to copy filtered resources.
2020-07-28 14:03:41,700 [Worker-47: Building] INFO  o.e.m.c.i.embedder.EclipseLogger - Copying 0 resource
2020-07-28 14:03:52,661 [Worker-46: Building] INFO  o.e.m.c.i.embedder.EclipseLogger - Using 'UTF-8' encoding to copy filtered resources.
2020-07-28 14:03:52,662 [Worker-46: Building] INFO  o.e.m.c.i.embedder.EclipseLogger - Copying 0 resource
2020-07-28 14:03:52,662 [Worker-46: Building] INFO  o.e.m.c.i.embedder.EclipseLogger - Copying 0 resource
2020-07-28 14:03:52,663 [Worker-46: Building] INFO  o.e.m.c.i.embedder.EclipseLogger - Using 'UTF-8' encoding to copy filtered resources.
2020-07-28 14:03:52,664 [Worker-46: Building] INFO  o.e.m.c.i.embedder.EclipseLogger - Copying 0 resource
2020-07-28 14:04:30,616 [Worker-44: Building] INFO  o.e.m.c.i.embedder.EclipseLogger - Using 'UTF-8' encoding to copy filtered resources.
2020-07-28 14:04:30,617 [Worker-44: Building] INFO  o.e.m.c.i.embedder.EclipseLogger - Copying 0 resource
2020-07-28 14:04:30,617 [Worker-44: Building] INFO  o.e.m.c.i.embedder.EclipseLogger - Copying 0 resource
2020-07-28 14:04:30,619 [Worker-44: Building] INFO  o.e.m.c.i.embedder.EclipseLogger - Using 'UTF-8' encoding to copy filtered resources.
2020-07-28 14:04:30,619 [Worker-44: Building] INFO  o.e.m.c.i.embedder.EclipseLogger - Copying 0 resource
2020-07-28 14:04:43,056 [Worker-42: Building] INFO  o.e.m.c.i.embedder.EclipseLogger - Using 'UTF-8' encoding to copy filtered resources.
2020-07-28 14:04:43,056 [Worker-42: Building] INFO  o.e.m.c.i.embedder.EclipseLogger - Copying 0 resource
2020-07-28 14:04:43,057 [Worker-42: Building] INFO  o.e.m.c.i.embedder.EclipseLogger - Copying 0 resource
2020-07-28 14:04:43,058 [Worker-42: Building] INFO  o.e.m.c.i.embedder.EclipseLogger - Using 'UTF-8' encoding to copy filtered resources.
2020-07-28 14:04:43,058 [Worker-42: Building] INFO  o.e.m.c.i.embedder.EclipseLogger - Copying 0 resource
2020-07-28 14:08:04,886 [Worker-42: Building] INFO  o.e.m.c.i.embedder.EclipseLogger - Using 'UTF-8' encoding to copy filtered resources.
2020-07-28 14:08:04,887 [Worker-42: Building] INFO  o.e.m.c.i.embedder.EclipseLogger - Copying 0 resource
2020-07-28 14:08:04,887 [Worker-42: Building] INFO  o.e.m.c.i.embedder.EclipseLogger - Copying 0 resource
2020-07-28 14:08:04,889 [Worker-42: Building] INFO  o.e.m.c.i.embedder.EclipseLogger - Using 'UTF-8' encoding to copy filtered resources.
2020-07-28 14:08:04,889 [Worker-42: Building] INFO  o.e.m.c.i.embedder.EclipseLogger - Copying 0 resource
2020-07-28 14:08:18,129 [Worker-44: Building] INFO  o.e.m.c.i.embedder.EclipseLogger - Using 'UTF-8' encoding to copy filtered resources.
2020-07-28 14:08:18,130 [Worker-44: Building] INFO  o.e.m.c.i.embedder.EclipseLogger - Copying 0 resource
2020-07-28 14:08:18,130 [Worker-44: Building] INFO  o.e.m.c.i.embedder.EclipseLogger - Copying 0 resource
2020-07-28 14:08:18,132 [Worker-44: Building] INFO  o.e.m.c.i.embedder.EclipseLogger - Using 'UTF-8' encoding to copy filtered resources.
2020-07-28 14:08:18,132 [Worker-44: Building] INFO  o.e.m.c.i.embedder.EclipseLogger - Copying 0 resource
2020-07-28 14:09:08,083 [Worker-44: Building] INFO  o.e.m.c.i.embedder.EclipseLogger - Using 'UTF-8' encoding to copy filtered resources.
2020-07-28 14:09:08,084 [Worker-44: Building] INFO  o.e.m.c.i.embedder.EclipseLogger - Copying 0 resource
2020-07-28 14:09:08,085 [Worker-44: Building] INFO  o.e.m.c.i.embedder.EclipseLogger - Copying 0 resource
2020-07-28 14:09:08,086 [Worker-44: Building] INFO  o.e.m.c.i.embedder.EclipseLogger - Using 'UTF-8' encoding to copy filtered resources.
2020-07-28 14:09:08,087 [Worker-44: Building] INFO  o.e.m.c.i.embedder.EclipseLogger - Copying 0 resource
2020-07-28 14:14:35,685 [Worker-55: Building] INFO  o.e.m.c.i.embedder.EclipseLogger - Using 'UTF-8' encoding to copy filtered resources.
2020-07-28 14:14:35,685 [Worker-55: Building] INFO  o.e.m.c.i.embedder.EclipseLogger - Copying 0 resource
2020-07-28 14:14:35,686 [Worker-55: Building] INFO  o.e.m.c.i.embedder.EclipseLogger - Copying 0 resource
2020-07-28 14:14:35,687 [Worker-55: Building] INFO  o.e.m.c.i.embedder.EclipseLogger - Using 'UTF-8' encoding to copy filtered resources.
2020-07-28 14:14:35,688 [Worker-55: Building] INFO  o.e.m.c.i.embedder.EclipseLogger - Copying 0 resource
2020-07-28 14:15:09,830 [Worker-57: Building] INFO  o.e.m.c.i.embedder.EclipseLogger - Using 'UTF-8' encoding to copy filtered resources.
2020-07-28 14:15:09,831 [Worker-57: Building] INFO  o.e.m.c.i.embedder.EclipseLogger - Copying 0 resource
2020-07-28 14:15:09,831 [Worker-57: Building] INFO  o.e.m.c.i.embedder.EclipseLogger - Copying 0 resource
2020-07-28 14:15:09,833 [Worker-57: Building] INFO  o.e.m.c.i.embedder.EclipseLogger - Using 'UTF-8' encoding to copy filtered resources.
2020-07-28 14:15:09,833 [Worker-57: Building] INFO  o.e.m.c.i.embedder.EclipseLogger - Copying 0 resource
2020-07-28 14:15:28,113 [Worker-50: Building] INFO  o.e.m.c.i.embedder.EclipseLogger - Using 'UTF-8' encoding to copy filtered resources.
2020-07-28 14:15:28,114 [Worker-50: Building] INFO  o.e.m.c.i.embedder.EclipseLogger - Copying 0 resource
2020-07-28 14:15:28,114 [Worker-50: Building] INFO  o.e.m.c.i.embedder.EclipseLogger - Copying 0 resource
2020-07-28 14:15:28,116 [Worker-50: Building] INFO  o.e.m.c.i.embedder.EclipseLogger - Using 'UTF-8' encoding to copy filtered resources.
2020-07-28 14:15:28,117 [Worker-50: Building] INFO  o.e.m.c.i.embedder.EclipseLogger - Copying 0 resource
2020-07-28 14:16:07,259 [Worker-55: Building] INFO  o.e.m.c.i.embedder.EclipseLogger - Using 'UTF-8' encoding to copy filtered resources.
2020-07-28 14:16:07,260 [Worker-55: Building] INFO  o.e.m.c.i.embedder.EclipseLogger - Copying 0 resource
2020-07-28 14:16:07,261 [Worker-55: Building] INFO  o.e.m.c.i.embedder.EclipseLogger - Copying 0 resource
2020-07-28 14:16:07,262 [Worker-55: Building] INFO  o.e.m.c.i.embedder.EclipseLogger - Using 'UTF-8' encoding to copy filtered resources.
2020-07-28 14:16:07,262 [Worker-55: Building] INFO  o.e.m.c.i.embedder.EclipseLogger - Copying 0 resource
2020-07-28 14:16:49,449 [Worker-56: Building] INFO  o.e.m.c.i.embedder.EclipseLogger - Using 'UTF-8' encoding to copy filtered resources.
2020-07-28 14:16:49,450 [Worker-56: Building] INFO  o.e.m.c.i.embedder.EclipseLogger - Copying 0 resource
2020-07-28 14:16:49,451 [Worker-56: Building] INFO  o.e.m.c.i.embedder.EclipseLogger - Copying 0 resource
2020-07-28 14:16:49,452 [Worker-56: Building] INFO  o.e.m.c.i.embedder.EclipseLogger - Using 'UTF-8' encoding to copy filtered resources.
2020-07-28 14:16:49,453 [Worker-56: Building] INFO  o.e.m.c.i.embedder.EclipseLogger - Copying 0 resource
2020-07-28 14:17:10,545 [Worker-55: Building] INFO  o.e.m.c.i.embedder.EclipseLogger - Using 'UTF-8' encoding to copy filtered resources.
2020-07-28 14:17:10,547 [Worker-55: Building] INFO  o.e.m.c.i.embedder.EclipseLogger - Copying 0 resource
2020-07-28 14:17:10,547 [Worker-55: Building] INFO  o.e.m.c.i.embedder.EclipseLogger - Copying 0 resource
2020-07-28 14:17:10,549 [Worker-55: Building] INFO  o.e.m.c.i.embedder.EclipseLogger - Using 'UTF-8' encoding to copy filtered resources.
2020-07-28 14:17:10,549 [Worker-55: Building] INFO  o.e.m.c.i.embedder.EclipseLogger - Copying 0 resource
2020-07-28 14:17:17,731 [Worker-44: Building] INFO  o.e.m.c.i.embedder.EclipseLogger - Using 'UTF-8' encoding to copy filtered resources.
2020-07-28 14:17:17,732 [Worker-44: Building] INFO  o.e.m.c.i.embedder.EclipseLogger - Copying 0 resource
2020-07-28 14:17:17,733 [Worker-44: Building] INFO  o.e.m.c.i.embedder.EclipseLogger - Copying 0 resource
2020-07-28 14:17:17,735 [Worker-44: Building] INFO  o.e.m.c.i.embedder.EclipseLogger - Using 'UTF-8' encoding to copy filtered resources.
2020-07-28 14:17:17,736 [Worker-44: Building] INFO  o.e.m.c.i.embedder.EclipseLogger - Copying 0 resource
2020-07-28 14:22:31,172 [Worker-59: Building] INFO  o.e.m.c.i.embedder.EclipseLogger - Using 'UTF-8' encoding to copy filtered resources.
2020-07-28 14:22:31,173 [Worker-59: Building] INFO  o.e.m.c.i.embedder.EclipseLogger - Copying 0 resource
2020-07-28 14:22:31,174 [Worker-59: Building] INFO  o.e.m.c.i.embedder.EclipseLogger - Copying 0 resource
2020-07-28 14:22:31,175 [Worker-59: Building] INFO  o.e.m.c.i.embedder.EclipseLogger - Using 'UTF-8' encoding to copy filtered resources.
2020-07-28 14:22:31,175 [Worker-59: Building] INFO  o.e.m.c.i.embedder.EclipseLogger - Copying 0 resource
2020-07-28 14:22:46,090 [Worker-58: Building] INFO  o.e.m.c.i.embedder.EclipseLogger - Using 'UTF-8' encoding to copy filtered resources.
2020-07-28 14:22:46,091 [Worker-58: Building] INFO  o.e.m.c.i.embedder.EclipseLogger - Copying 0 resource
2020-07-28 14:22:46,092 [Worker-58: Building] INFO  o.e.m.c.i.embedder.EclipseLogger - Copying 0 resource
2020-07-28 14:22:46,094 [Worker-58: Building] INFO  o.e.m.c.i.embedder.EclipseLogger - Using 'UTF-8' encoding to copy filtered resources.
2020-07-28 14:22:46,094 [Worker-58: Building] INFO  o.e.m.c.i.embedder.EclipseLogger - Copying 0 resource
2020-07-28 14:22:58,600 [Worker-44: Building] INFO  o.e.m.c.i.embedder.EclipseLogger - Using 'UTF-8' encoding to copy filtered resources.
2020-07-28 14:22:58,600 [Worker-44: Building] INFO  o.e.m.c.i.embedder.EclipseLogger - Copying 0 resource
2020-07-28 14:22:58,601 [Worker-44: Building] INFO  o.e.m.c.i.embedder.EclipseLogger - Copying 0 resource
2020-07-28 14:22:58,602 [Worker-44: Building] INFO  o.e.m.c.i.embedder.EclipseLogger - Using 'UTF-8' encoding to copy filtered resources.
2020-07-28 14:22:58,602 [Worker-44: Building] INFO  o.e.m.c.i.embedder.EclipseLogger - Copying 0 resource
2020-07-28 14:23:02,401 [Worker-44: Building] INFO  o.e.m.c.i.embedder.EclipseLogger - Using 'UTF-8' encoding to copy filtered resources.
2020-07-28 14:23:02,402 [Worker-44: Building] INFO  o.e.m.c.i.embedder.EclipseLogger - Copying 0 resource
2020-07-28 14:23:02,403 [Worker-44: Building] INFO  o.e.m.c.i.embedder.EclipseLogger - Copying 0 resource
2020-07-28 14:23:02,404 [Worker-44: Building] INFO  o.e.m.c.i.embedder.EclipseLogger - Using 'UTF-8' encoding to copy filtered resources.
2020-07-28 14:23:02,404 [Worker-44: Building] INFO  o.e.m.c.i.embedder.EclipseLogger - Copying 0 resource
2020-07-28 14:23:08,796 [Worker-58: Building] INFO  o.e.m.c.i.embedder.EclipseLogger - Using 'UTF-8' encoding to copy filtered resources.
2020-07-28 14:23:08,797 [Worker-58: Building] INFO  o.e.m.c.i.embedder.EclipseLogger - Copying 0 resource
2020-07-28 14:23:08,798 [Worker-58: Building] INFO  o.e.m.c.i.embedder.EclipseLogger - Copying 0 resource
2020-07-28 14:23:08,800 [Worker-58: Building] INFO  o.e.m.c.i.embedder.EclipseLogger - Using 'UTF-8' encoding to copy filtered resources.
2020-07-28 14:23:08,800 [Worker-58: Building] INFO  o.e.m.c.i.embedder.EclipseLogger - Copying 0 resource
2020-07-28 14:33:13,915 [Worker-64: Building] INFO  o.e.m.c.i.embedder.EclipseLogger - Using 'UTF-8' encoding to copy filtered resources.
2020-07-28 14:33:13,916 [Worker-64: Building] INFO  o.e.m.c.i.embedder.EclipseLogger - Copying 0 resource
2020-07-28 14:33:13,917 [Worker-64: Building] INFO  o.e.m.c.i.embedder.EclipseLogger - Copying 0 resource
2020-07-28 14:33:13,918 [Worker-64: Building] INFO  o.e.m.c.i.embedder.EclipseLogger - Using 'UTF-8' encoding to copy filtered resources.
2020-07-28 14:33:13,918 [Worker-64: Building] INFO  o.e.m.c.i.embedder.EclipseLogger - Copying 0 resource
2020-07-28 14:35:24,805 [Worker-65: Building] INFO  o.e.m.c.i.embedder.EclipseLogger - Using 'UTF-8' encoding to copy filtered resources.
2020-07-28 14:35:24,805 [Worker-65: Building] INFO  o.e.m.c.i.embedder.EclipseLogger - Copying 0 resource
2020-07-28 14:35:24,806 [Worker-65: Building] INFO  o.e.m.c.i.embedder.EclipseLogger - Copying 0 resource
2020-07-28 14:35:24,807 [Worker-65: Building] INFO  o.e.m.c.i.embedder.EclipseLogger - Using 'UTF-8' encoding to copy filtered resources.
2020-07-28 14:35:24,807 [Worker-65: Building] INFO  o.e.m.c.i.embedder.EclipseLogger - Copying 0 resource
2020-07-28 17:28:39,438 [Worker-114: Building] INFO  o.e.m.c.i.embedder.EclipseLogger - Using 'UTF-8' encoding to copy filtered resources.
2020-07-28 17:28:39,439 [Worker-114: Building] INFO  o.e.m.c.i.embedder.EclipseLogger - Copying 0 resource
2020-07-28 17:28:39,440 [Worker-114: Building] INFO  o.e.m.c.i.embedder.EclipseLogger - Copying 0 resource
2020-07-28 17:28:39,442 [Worker-114: Building] INFO  o.e.m.c.i.embedder.EclipseLogger - Using 'UTF-8' encoding to copy filtered resources.
2020-07-28 17:28:39,442 [Worker-114: Building] INFO  o.e.m.c.i.embedder.EclipseLogger - Copying 0 resource
2020-07-28 17:28:55,818 [Worker-115: Building] INFO  o.e.m.c.i.embedder.EclipseLogger - Using 'UTF-8' encoding to copy filtered resources.
2020-07-28 17:28:55,819 [Worker-115: Building] INFO  o.e.m.c.i.embedder.EclipseLogger - Copying 0 resource
2020-07-28 17:28:55,820 [Worker-115: Building] INFO  o.e.m.c.i.embedder.EclipseLogger - Copying 0 resource
2020-07-28 17:28:55,822 [Worker-115: Building] INFO  o.e.m.c.i.embedder.EclipseLogger - Using 'UTF-8' encoding to copy filtered resources.
2020-07-28 17:28:55,822 [Worker-115: Building] INFO  o.e.m.c.i.embedder.EclipseLogger - Copying 0 resource
2020-07-28 17:29:05,989 [Worker-115: Building] INFO  o.e.m.c.i.embedder.EclipseLogger - Using 'UTF-8' encoding to copy filtered resources.
2020-07-28 17:29:05,990 [Worker-115: Building] INFO  o.e.m.c.i.embedder.EclipseLogger - Copying 0 resource
2020-07-28 17:29:05,991 [Worker-115: Building] INFO  o.e.m.c.i.embedder.EclipseLogger - Copying 0 resource
2020-07-28 17:29:05,992 [Worker-115: Building] INFO  o.e.m.c.i.embedder.EclipseLogger - Using 'UTF-8' encoding to copy filtered resources.
2020-07-28 17:29:05,992 [Worker-115: Building] INFO  o.e.m.c.i.embedder.EclipseLogger - Copying 0 resource
2020-07-28 17:29:14,170 [Worker-118: Building] INFO  o.e.m.c.i.embedder.EclipseLogger - Using 'UTF-8' encoding to copy filtered resources.
2020-07-28 17:29:14,170 [Worker-118: Building] INFO  o.e.m.c.i.embedder.EclipseLogger - Copying 0 resource
2020-07-28 17:29:14,171 [Worker-118: Building] INFO  o.e.m.c.i.embedder.EclipseLogger - Copying 0 resource
2020-07-28 17:29:14,173 [Worker-118: Building] INFO  o.e.m.c.i.embedder.EclipseLogger - Using 'UTF-8' encoding to copy filtered resources.
2020-07-28 17:29:14,173 [Worker-118: Building] INFO  o.e.m.c.i.embedder.EclipseLogger - Copying 0 resource
2020-07-28 17:29:25,039 [Worker-111: Building] INFO  o.e.m.c.i.embedder.EclipseLogger - Using 'UTF-8' encoding to copy filtered resources.
2020-07-28 17:29:25,040 [Worker-111: Building] INFO  o.e.m.c.i.embedder.EclipseLogger - Copying 0 resource
2020-07-28 17:29:25,041 [Worker-111: Building] INFO  o.e.m.c.i.embedder.EclipseLogger - Copying 0 resource
2020-07-28 17:29:25,042 [Worker-111: Building] INFO  o.e.m.c.i.embedder.EclipseLogger - Using 'UTF-8' encoding to copy filtered resources.
2020-07-28 17:29:25,042 [Worker-111: Building] INFO  o.e.m.c.i.embedder.EclipseLogger - Copying 0 resource
2020-07-28 17:29:31,344 [Worker-111: Building] INFO  o.e.m.c.i.embedder.EclipseLogger - Using 'UTF-8' encoding to copy filtered resources.
2020-07-28 17:29:31,344 [Worker-111: Building] INFO  o.e.m.c.i.embedder.EclipseLogger - Copying 0 resource
2020-07-28 17:29:31,345 [Worker-111: Building] INFO  o.e.m.c.i.embedder.EclipseLogger - Copying 0 resource
2020-07-28 17:29:31,347 [Worker-111: Building] INFO  o.e.m.c.i.embedder.EclipseLogger - Using 'UTF-8' encoding to copy filtered resources.
2020-07-28 17:29:31,348 [Worker-111: Building] INFO  o.e.m.c.i.embedder.EclipseLogger - Copying 0 resource
2020-07-28 17:29:40,564 [Worker-115: Building] INFO  o.e.m.c.i.embedder.EclipseLogger - Using 'UTF-8' encoding to copy filtered resources.
2020-07-28 17:29:40,565 [Worker-115: Building] INFO  o.e.m.c.i.embedder.EclipseLogger - Copying 0 resource
2020-07-28 17:29:40,565 [Worker-115: Building] INFO  o.e.m.c.i.embedder.EclipseLogger - Copying 0 resource
2020-07-28 17:29:40,566 [Worker-115: Building] INFO  o.e.m.c.i.embedder.EclipseLogger - Using 'UTF-8' encoding to copy filtered resources.
2020-07-28 17:29:40,566 [Worker-115: Building] INFO  o.e.m.c.i.embedder.EclipseLogger - Copying 0 resource
2020-07-28 17:29:57,231 [Worker-116: Building] INFO  o.e.m.c.i.embedder.EclipseLogger - Using 'UTF-8' encoding to copy filtered resources.
2020-07-28 17:29:57,231 [Worker-116: Building] INFO  o.e.m.c.i.embedder.EclipseLogger - Copying 0 resource
2020-07-28 17:29:57,232 [Worker-116: Building] INFO  o.e.m.c.i.embedder.EclipseLogger - Copying 0 resource
2020-07-28 17:29:57,233 [Worker-116: Building] INFO  o.e.m.c.i.embedder.EclipseLogger - Using 'UTF-8' encoding to copy filtered resources.
2020-07-28 17:29:57,233 [Worker-116: Building] INFO  o.e.m.c.i.embedder.EclipseLogger - Copying 0 resource
2020-07-28 17:30:33,717 [Worker-115: Building] INFO  o.e.m.c.i.embedder.EclipseLogger - Using 'UTF-8' encoding to copy filtered resources.
2020-07-28 17:30:33,717 [Worker-115: Building] INFO  o.e.m.c.i.embedder.EclipseLogger - Copying 0 resource
2020-07-28 17:30:33,718 [Worker-115: Building] INFO  o.e.m.c.i.embedder.EclipseLogger - Copying 0 resource
2020-07-28 17:30:33,720 [Worker-115: Building] INFO  o.e.m.c.i.embedder.EclipseLogger - Using 'UTF-8' encoding to copy filtered resources.
2020-07-28 17:30:33,720 [Worker-115: Building] INFO  o.e.m.c.i.embedder.EclipseLogger - Copying 0 resource
2020-07-28 17:30:40,845 [Worker-115: Building] INFO  o.e.m.c.i.embedder.EclipseLogger - Using 'UTF-8' encoding to copy filtered resources.
2020-07-28 17:30:40,846 [Worker-115: Building] INFO  o.e.m.c.i.embedder.EclipseLogger - Copying 0 resource
2020-07-28 17:30:40,846 [Worker-115: Building] INFO  o.e.m.c.i.embedder.EclipseLogger - Copying 0 resource
2020-07-28 17:30:40,847 [Worker-115: Building] INFO  o.e.m.c.i.embedder.EclipseLogger - Using 'UTF-8' encoding to copy filtered resources.
2020-07-28 17:30:40,847 [Worker-115: Building] INFO  o.e.m.c.i.embedder.EclipseLogger - Copying 0 resource
2020-07-28 17:31:25,942 [Worker-111: Building] INFO  o.e.m.c.i.embedder.EclipseLogger - Using 'UTF-8' encoding to copy filtered resources.
2020-07-28 17:31:25,943 [Worker-111: Building] INFO  o.e.m.c.i.embedder.EclipseLogger - Copying 0 resource
2020-07-28 17:31:25,944 [Worker-111: Building] INFO  o.e.m.c.i.embedder.EclipseLogger - Copying 0 resource
2020-07-28 17:31:25,946 [Worker-111: Building] INFO  o.e.m.c.i.embedder.EclipseLogger - Using 'UTF-8' encoding to copy filtered resources.
2020-07-28 17:31:25,946 [Worker-111: Building] INFO  o.e.m.c.i.embedder.EclipseLogger - Copying 0 resource
2020-07-28 17:31:27,994 [Worker-114: Building] INFO  o.e.m.c.i.embedder.EclipseLogger - Using 'UTF-8' encoding to copy filtered resources.
2020-07-28 17:31:27,995 [Worker-114: Building] INFO  o.e.m.c.i.embedder.EclipseLogger - Copying 0 resource
2020-07-28 17:31:27,995 [Worker-114: Building] INFO  o.e.m.c.i.embedder.EclipseLogger - Copying 0 resource
2020-07-28 17:31:27,996 [Worker-114: Building] INFO  o.e.m.c.i.embedder.EclipseLogger - Using 'UTF-8' encoding to copy filtered resources.
2020-07-28 17:31:27,997 [Worker-114: Building] INFO  o.e.m.c.i.embedder.EclipseLogger - Copying 0 resource
2020-07-28 17:32:15,747 [Worker-118: Building] INFO  o.e.m.c.i.embedder.EclipseLogger - Using 'UTF-8' encoding to copy filtered resources.
2020-07-28 17:32:15,748 [Worker-118: Building] INFO  o.e.m.c.i.embedder.EclipseLogger - Copying 0 resource
2020-07-28 17:32:15,749 [Worker-118: Building] INFO  o.e.m.c.i.embedder.EclipseLogger - Copying 0 resource
2020-07-28 17:32:15,751 [Worker-118: Building] INFO  o.e.m.c.i.embedder.EclipseLogger - Using 'UTF-8' encoding to copy filtered resources.
2020-07-28 17:32:15,751 [Worker-118: Building] INFO  o.e.m.c.i.embedder.EclipseLogger - Copying 0 resource
2020-07-28 17:32:18,080 [Worker-113: Building] INFO  o.e.m.c.i.embedder.EclipseLogger - Using 'UTF-8' encoding to copy filtered resources.
2020-07-28 17:32:18,080 [Worker-113: Building] INFO  o.e.m.c.i.embedder.EclipseLogger - Copying 0 resource
2020-07-28 17:32:18,081 [Worker-113: Building] INFO  o.e.m.c.i.embedder.EclipseLogger - Copying 0 resource
2020-07-28 17:32:18,082 [Worker-113: Building] INFO  o.e.m.c.i.embedder.EclipseLogger - Using 'UTF-8' encoding to copy filtered resources.
2020-07-28 17:32:18,083 [Worker-113: Building] INFO  o.e.m.c.i.embedder.EclipseLogger - Copying 0 resource
2020-07-28 17:32:52,885 [Worker-114: Building] INFO  o.e.m.c.i.embedder.EclipseLogger - Using 'UTF-8' encoding to copy filtered resources.
2020-07-28 17:32:52,885 [Worker-114: Building] INFO  o.e.m.c.i.embedder.EclipseLogger - Copying 0 resource
2020-07-28 17:32:52,887 [Worker-114: Building] INFO  o.e.m.c.i.embedder.EclipseLogger - Copying 0 resource
2020-07-28 17:32:52,888 [Worker-114: Building] INFO  o.e.m.c.i.embedder.EclipseLogger - Using 'UTF-8' encoding to copy filtered resources.
2020-07-28 17:32:52,888 [Worker-114: Building] INFO  o.e.m.c.i.embedder.EclipseLogger - Copying 0 resource
2020-07-28 17:36:01,019 [Worker-120: Building] INFO  o.e.m.c.i.embedder.EclipseLogger - Using 'UTF-8' encoding to copy filtered resources.
2020-07-28 17:36:01,020 [Worker-120: Building] INFO  o.e.m.c.i.embedder.EclipseLogger - Copying 0 resource
2020-07-28 17:36:01,020 [Worker-120: Building] INFO  o.e.m.c.i.embedder.EclipseLogger - Copying 0 resource
2020-07-28 17:36:01,021 [Worker-120: Building] INFO  o.e.m.c.i.embedder.EclipseLogger - Using 'UTF-8' encoding to copy filtered resources.
2020-07-28 17:36:01,021 [Worker-120: Building] INFO  o.e.m.c.i.embedder.EclipseLogger - Copying 0 resource
2020-07-28 17:36:02,697 [Worker-120: Building] INFO  o.e.m.c.i.embedder.EclipseLogger - Using 'UTF-8' encoding to copy filtered resources.
2020-07-28 17:36:02,698 [Worker-120: Building] INFO  o.e.m.c.i.embedder.EclipseLogger - Copying 0 resource
2020-07-28 17:36:02,699 [Worker-120: Building] INFO  o.e.m.c.i.embedder.EclipseLogger - Copying 0 resource
2020-07-28 17:36:02,702 [Worker-120: Building] INFO  o.e.m.c.i.embedder.EclipseLogger - Using 'UTF-8' encoding to copy filtered resources.
2020-07-28 17:36:02,702 [Worker-120: Building] INFO  o.e.m.c.i.embedder.EclipseLogger - Copying 0 resource
2020-07-28 20:47:33,803 [Worker-168: Building] INFO  o.e.m.c.i.embedder.EclipseLogger - Using 'UTF-8' encoding to copy filtered resources.
2020-07-28 20:47:33,804 [Worker-168: Building] INFO  o.e.m.c.i.embedder.EclipseLogger - Copying 0 resource
2020-07-28 20:47:33,805 [Worker-168: Building] INFO  o.e.m.c.i.embedder.EclipseLogger - Copying 0 resource
2020-07-28 20:47:33,806 [Worker-168: Building] INFO  o.e.m.c.i.embedder.EclipseLogger - Using 'UTF-8' encoding to copy filtered resources.
2020-07-28 20:47:33,807 [Worker-168: Building] INFO  o.e.m.c.i.embedder.EclipseLogger - Copying 0 resource
2020-07-28 20:47:39,470 [Worker-167: Building] INFO  o.e.m.c.i.embedder.EclipseLogger - Using 'UTF-8' encoding to copy filtered resources.
2020-07-28 20:47:39,470 [Worker-167: Building] INFO  o.e.m.c.i.embedder.EclipseLogger - Copying 0 resource
2020-07-28 20:47:39,471 [Worker-167: Building] INFO  o.e.m.c.i.embedder.EclipseLogger - Copying 0 resource
2020-07-28 20:47:39,472 [Worker-167: Building] INFO  o.e.m.c.i.embedder.EclipseLogger - Using 'UTF-8' encoding to copy filtered resources.
2020-07-28 20:47:39,472 [Worker-167: Building] INFO  o.e.m.c.i.embedder.EclipseLogger - Copying 0 resource
2020-07-28 20:48:14,855 [Worker-167: Building] INFO  o.e.m.c.i.embedder.EclipseLogger - Using 'UTF-8' encoding to copy filtered resources.
2020-07-28 20:48:14,856 [Worker-167: Building] INFO  o.e.m.c.i.embedder.EclipseLogger - Copying 0 resource
2020-07-28 20:48:14,856 [Worker-167: Building] INFO  o.e.m.c.i.embedder.EclipseLogger - Copying 0 resource
2020-07-28 20:48:14,858 [Worker-167: Building] INFO  o.e.m.c.i.embedder.EclipseLogger - Using 'UTF-8' encoding to copy filtered resources.
2020-07-28 20:48:14,858 [Worker-167: Building] INFO  o.e.m.c.i.embedder.EclipseLogger - Copying 0 resource
2020-07-28 20:48:18,190 [Worker-169: Building] INFO  o.e.m.c.i.embedder.EclipseLogger - Using 'UTF-8' encoding to copy filtered resources.
2020-07-28 20:48:18,190 [Worker-169: Building] INFO  o.e.m.c.i.embedder.EclipseLogger - Copying 0 resource
2020-07-28 20:48:18,191 [Worker-169: Building] INFO  o.e.m.c.i.embedder.EclipseLogger - Copying 0 resource
2020-07-28 20:48:18,192 [Worker-169: Building] INFO  o.e.m.c.i.embedder.EclipseLogger - Using 'UTF-8' encoding to copy filtered resources.
2020-07-28 20:48:18,192 [Worker-169: Building] INFO  o.e.m.c.i.embedder.EclipseLogger - Copying 0 resource
2020-07-28 20:48:23,918 [Worker-161: Building] INFO  o.e.m.c.i.embedder.EclipseLogger - Using 'UTF-8' encoding to copy filtered resources.
2020-07-28 20:48:23,918 [Worker-161: Building] INFO  o.e.m.c.i.embedder.EclipseLogger - Copying 0 resource
2020-07-28 20:48:23,919 [Worker-161: Building] INFO  o.e.m.c.i.embedder.EclipseLogger - Copying 0 resource
2020-07-28 20:48:23,921 [Worker-161: Building] INFO  o.e.m.c.i.embedder.EclipseLogger - Using 'UTF-8' encoding to copy filtered resources.
2020-07-28 20:48:23,921 [Worker-161: Building] INFO  o.e.m.c.i.embedder.EclipseLogger - Copying 0 resource
2020-07-28 20:48:32,381 [Worker-172: Building] INFO  o.e.m.c.i.embedder.EclipseLogger - Using 'UTF-8' encoding to copy filtered resources.
2020-07-28 20:48:32,381 [Worker-172: Building] INFO  o.e.m.c.i.embedder.EclipseLogger - Copying 0 resource
2020-07-28 20:48:32,382 [Worker-172: Building] INFO  o.e.m.c.i.embedder.EclipseLogger - Copying 0 resource
2020-07-28 20:48:32,383 [Worker-172: Building] INFO  o.e.m.c.i.embedder.EclipseLogger - Using 'UTF-8' encoding to copy filtered resources.
2020-07-28 20:48:32,383 [Worker-172: Building] INFO  o.e.m.c.i.embedder.EclipseLogger - Copying 0 resource
2020-07-28 20:50:33,453 [Worker-165: Building] INFO  o.e.m.c.i.embedder.EclipseLogger - Using 'UTF-8' encoding to copy filtered resources.
2020-07-28 20:50:33,454 [Worker-165: Building] INFO  o.e.m.c.i.embedder.EclipseLogger - Copying 0 resource
2020-07-28 20:50:33,454 [Worker-165: Building] INFO  o.e.m.c.i.embedder.EclipseLogger - Copying 0 resource
2020-07-28 20:50:33,455 [Worker-165: Building] INFO  o.e.m.c.i.embedder.EclipseLogger - Using 'UTF-8' encoding to copy filtered resources.
2020-07-28 20:50:33,456 [Worker-165: Building] INFO  o.e.m.c.i.embedder.EclipseLogger - Copying 0 resource
2020-07-28 20:50:42,885 [Worker-172: Building] INFO  o.e.m.c.i.embedder.EclipseLogger - Using 'UTF-8' encoding to copy filtered resources.
2020-07-28 20:50:42,885 [Worker-172: Building] INFO  o.e.m.c.i.embedder.EclipseLogger - Copying 0 resource
2020-07-28 20:50:42,886 [Worker-172: Building] INFO  o.e.m.c.i.embedder.EclipseLogger - Copying 0 resource
2020-07-28 20:50:42,887 [Worker-172: Building] INFO  o.e.m.c.i.embedder.EclipseLogger - Using 'UTF-8' encoding to copy filtered resources.
2020-07-28 20:50:42,887 [Worker-172: Building] INFO  o.e.m.c.i.embedder.EclipseLogger - Copying 0 resource
2020-07-28 20:50:57,240 [Worker-168: Building] INFO  o.e.m.c.i.embedder.EclipseLogger - Using 'UTF-8' encoding to copy filtered resources.
2020-07-28 20:50:57,240 [Worker-168: Building] INFO  o.e.m.c.i.embedder.EclipseLogger - Copying 0 resource
2020-07-28 20:50:57,241 [Worker-168: Building] INFO  o.e.m.c.i.embedder.EclipseLogger - Copying 0 resource
2020-07-28 20:50:57,242 [Worker-168: Building] INFO  o.e.m.c.i.embedder.EclipseLogger - Using 'UTF-8' encoding to copy filtered resources.
2020-07-28 20:50:57,242 [Worker-168: Building] INFO  o.e.m.c.i.embedder.EclipseLogger - Copying 0 resource
2020-07-28 20:51:24,302 [Worker-172: Building] INFO  o.e.m.c.i.embedder.EclipseLogger - Using 'UTF-8' encoding to copy filtered resources.
2020-07-28 20:51:24,303 [Worker-172: Building] INFO  o.e.m.c.i.embedder.EclipseLogger - Copying 0 resource
2020-07-28 20:51:24,303 [Worker-172: Building] INFO  o.e.m.c.i.embedder.EclipseLogger - Copying 0 resource
2020-07-28 20:51:24,304 [Worker-172: Building] INFO  o.e.m.c.i.embedder.EclipseLogger - Using 'UTF-8' encoding to copy filtered resources.
2020-07-28 20:51:24,304 [Worker-172: Building] INFO  o.e.m.c.i.embedder.EclipseLogger - Copying 0 resource
2020-07-28 20:51:29,642 [Worker-171: Building] INFO  o.e.m.c.i.embedder.EclipseLogger - Using 'UTF-8' encoding to copy filtered resources.
2020-07-28 20:51:29,642 [Worker-171: Building] INFO  o.e.m.c.i.embedder.EclipseLogger - Copying 0 resource
2020-07-28 20:51:29,643 [Worker-171: Building] INFO  o.e.m.c.i.embedder.EclipseLogger - Copying 0 resource
2020-07-28 20:51:29,644 [Worker-171: Building] INFO  o.e.m.c.i.embedder.EclipseLogger - Using 'UTF-8' encoding to copy filtered resources.
2020-07-28 20:51:29,644 [Worker-171: Building] INFO  o.e.m.c.i.embedder.EclipseLogger - Copying 0 resource
2020-07-28 20:52:29,571 [Worker-171: Building] INFO  o.e.m.c.i.embedder.EclipseLogger - Using 'UTF-8' encoding to copy filtered resources.
2020-07-28 20:52:29,571 [Worker-171: Building] INFO  o.e.m.c.i.embedder.EclipseLogger - Copying 0 resource
2020-07-28 20:52:29,572 [Worker-171: Building] INFO  o.e.m.c.i.embedder.EclipseLogger - Copying 0 resource
2020-07-28 20:52:29,573 [Worker-171: Building] INFO  o.e.m.c.i.embedder.EclipseLogger - Using 'UTF-8' encoding to copy filtered resources.
2020-07-28 20:52:29,573 [Worker-171: Building] INFO  o.e.m.c.i.embedder.EclipseLogger - Copying 0 resource
2020-07-28 21:15:32,930 [Worker-176: Building] INFO  o.e.m.c.i.embedder.EclipseLogger - Using 'UTF-8' encoding to copy filtered resources.
2020-07-28 21:15:32,930 [Worker-176: Building] INFO  o.e.m.c.i.embedder.EclipseLogger - Copying 0 resource
2020-07-28 21:15:32,931 [Worker-176: Building] INFO  o.e.m.c.i.embedder.EclipseLogger - Copying 0 resource
2020-07-28 21:15:32,932 [Worker-176: Building] INFO  o.e.m.c.i.embedder.EclipseLogger - Using 'UTF-8' encoding to copy filtered resources.
2020-07-28 21:15:32,932 [Worker-176: Building] INFO  o.e.m.c.i.embedder.EclipseLogger - Copying 0 resource
2020-07-28 21:15:57,583 [Worker-177: Building] INFO  o.e.m.c.i.embedder.EclipseLogger - Using 'UTF-8' encoding to copy filtered resources.
2020-07-28 21:15:57,584 [Worker-177: Building] INFO  o.e.m.c.i.embedder.EclipseLogger - Copying 0 resource
2020-07-28 21:15:57,585 [Worker-177: Building] INFO  o.e.m.c.i.embedder.EclipseLogger - Copying 0 resource
2020-07-28 21:15:57,586 [Worker-177: Building] INFO  o.e.m.c.i.embedder.EclipseLogger - Using 'UTF-8' encoding to copy filtered resources.
2020-07-28 21:15:57,586 [Worker-177: Building] INFO  o.e.m.c.i.embedder.EclipseLogger - Copying 0 resource
2020-07-28 21:16:03,781 [Worker-180: Building] INFO  o.e.m.c.i.embedder.EclipseLogger - Using 'UTF-8' encoding to copy filtered resources.
2020-07-28 21:16:03,781 [Worker-180: Building] INFO  o.e.m.c.i.embedder.EclipseLogger - Copying 0 resource
2020-07-28 21:16:03,782 [Worker-180: Building] INFO  o.e.m.c.i.embedder.EclipseLogger - Copying 0 resource
2020-07-28 21:16:03,796 [Worker-180: Building] INFO  o.e.m.c.i.embedder.EclipseLogger - Using 'UTF-8' encoding to copy filtered resources.
2020-07-28 21:16:03,796 [Worker-180: Building] INFO  o.e.m.c.i.embedder.EclipseLogger - Copying 0 resource
2020-07-28 21:17:24,720 [Worker-175: Building] INFO  o.e.m.c.i.embedder.EclipseLogger - Using 'UTF-8' encoding to copy filtered resources.
2020-07-28 21:17:24,720 [Worker-175: Building] INFO  o.e.m.c.i.embedder.EclipseLogger - Copying 0 resource
2020-07-28 21:17:24,721 [Worker-175: Building] INFO  o.e.m.c.i.embedder.EclipseLogger - Copying 0 resource
2020-07-28 21:17:24,722 [Worker-175: Building] INFO  o.e.m.c.i.embedder.EclipseLogger - Using 'UTF-8' encoding to copy filtered resources.
2020-07-28 21:17:24,722 [Worker-175: Building] INFO  o.e.m.c.i.embedder.EclipseLogger - Copying 0 resource
2020-07-28 21:17:26,534 [Worker-178: Building] INFO  o.e.m.c.i.embedder.EclipseLogger - Using 'UTF-8' encoding to copy filtered resources.
2020-07-28 21:17:26,535 [Worker-178: Building] INFO  o.e.m.c.i.embedder.EclipseLogger - Copying 0 resource
2020-07-28 21:17:26,536 [Worker-178: Building] INFO  o.e.m.c.i.embedder.EclipseLogger - Copying 0 resource
2020-07-28 21:17:26,537 [Worker-178: Building] INFO  o.e.m.c.i.embedder.EclipseLogger - Using 'UTF-8' encoding to copy filtered resources.
2020-07-28 21:17:26,537 [Worker-178: Building] INFO  o.e.m.c.i.embedder.EclipseLogger - Copying 0 resource
2020-07-28 21:18:49,011 [Worker-176: Building] INFO  o.e.m.c.i.embedder.EclipseLogger - Using 'UTF-8' encoding to copy filtered resources.
2020-07-28 21:18:49,011 [Worker-176: Building] INFO  o.e.m.c.i.embedder.EclipseLogger - Copying 0 resource
2020-07-28 21:18:49,012 [Worker-176: Building] INFO  o.e.m.c.i.embedder.EclipseLogger - Copying 0 resource
2020-07-28 21:18:49,013 [Worker-176: Building] INFO  o.e.m.c.i.embedder.EclipseLogger - Using 'UTF-8' encoding to copy filtered resources.
2020-07-28 21:18:49,013 [Worker-176: Building] INFO  o.e.m.c.i.embedder.EclipseLogger - Copying 0 resource
2020-07-28 21:18:54,648 [Worker-181: Building] INFO  o.e.m.c.i.embedder.EclipseLogger - Using 'UTF-8' encoding to copy filtered resources.
2020-07-28 21:18:54,649 [Worker-181: Building] INFO  o.e.m.c.i.embedder.EclipseLogger - Copying 0 resource
2020-07-28 21:18:54,649 [Worker-181: Building] INFO  o.e.m.c.i.embedder.EclipseLogger - Copying 0 resource
2020-07-28 21:18:54,651 [Worker-181: Building] INFO  o.e.m.c.i.embedder.EclipseLogger - Using 'UTF-8' encoding to copy filtered resources.
2020-07-28 21:18:54,651 [Worker-181: Building] INFO  o.e.m.c.i.embedder.EclipseLogger - Copying 0 resource
2020-07-28 21:19:38,660 [Worker-175: Building] INFO  o.e.m.c.i.embedder.EclipseLogger - Using 'UTF-8' encoding to copy filtered resources.
2020-07-28 21:19:38,661 [Worker-175: Building] INFO  o.e.m.c.i.embedder.EclipseLogger - Copying 0 resource
2020-07-28 21:19:38,661 [Worker-175: Building] INFO  o.e.m.c.i.embedder.EclipseLogger - Copying 0 resource
2020-07-28 21:19:38,663 [Worker-175: Building] INFO  o.e.m.c.i.embedder.EclipseLogger - Using 'UTF-8' encoding to copy filtered resources.
2020-07-28 21:19:38,663 [Worker-175: Building] INFO  o.e.m.c.i.embedder.EclipseLogger - Copying 0 resource
2020-07-28 21:20:21,554 [Worker-176: Building] INFO  o.e.m.c.i.embedder.EclipseLogger - Using 'UTF-8' encoding to copy filtered resources.
2020-07-28 21:20:21,555 [Worker-176: Building] INFO  o.e.m.c.i.embedder.EclipseLogger - Copying 0 resource
2020-07-28 21:20:21,556 [Worker-176: Building] INFO  o.e.m.c.i.embedder.EclipseLogger - Copying 0 resource
2020-07-28 21:20:21,557 [Worker-176: Building] INFO  o.e.m.c.i.embedder.EclipseLogger - Using 'UTF-8' encoding to copy filtered resources.
2020-07-28 21:20:21,557 [Worker-176: Building] INFO  o.e.m.c.i.embedder.EclipseLogger - Copying 0 resource
2020-07-28 21:21:05,353 [Worker-184: Building] INFO  o.e.m.c.i.embedder.EclipseLogger - Using 'UTF-8' encoding to copy filtered resources.
2020-07-28 21:21:05,353 [Worker-184: Building] INFO  o.e.m.c.i.embedder.EclipseLogger - Copying 0 resource
2020-07-28 21:21:05,354 [Worker-184: Building] INFO  o.e.m.c.i.embedder.EclipseLogger - Copying 0 resource
2020-07-28 21:21:05,355 [Worker-184: Building] INFO  o.e.m.c.i.embedder.EclipseLogger - Using 'UTF-8' encoding to copy filtered resources.
2020-07-28 21:21:05,355 [Worker-184: Building] INFO  o.e.m.c.i.embedder.EclipseLogger - Copying 0 resource
2020-07-28 21:21:06,428 [Worker-184: Building] INFO  o.e.m.c.i.embedder.EclipseLogger - Using 'UTF-8' encoding to copy filtered resources.
2020-07-28 21:21:06,428 [Worker-184: Building] INFO  o.e.m.c.i.embedder.EclipseLogger - Copying 0 resource
2020-07-28 21:21:06,429 [Worker-184: Building] INFO  o.e.m.c.i.embedder.EclipseLogger - Copying 0 resource
2020-07-28 21:21:06,429 [Worker-184: Building] INFO  o.e.m.c.i.embedder.EclipseLogger - Using 'UTF-8' encoding to copy filtered resources.
2020-07-28 21:21:06,430 [Worker-184: Building] INFO  o.e.m.c.i.embedder.EclipseLogger - Copying 0 resource
2020-07-28 21:21:18,571 [Worker-185: Building] INFO  o.e.m.c.i.embedder.EclipseLogger - Using 'UTF-8' encoding to copy filtered resources.
2020-07-28 21:21:18,571 [Worker-185: Building] INFO  o.e.m.c.i.embedder.EclipseLogger - Copying 0 resource
2020-07-28 21:21:18,572 [Worker-185: Building] INFO  o.e.m.c.i.embedder.EclipseLogger - Copying 0 resource
2020-07-28 21:21:18,573 [Worker-185: Building] INFO  o.e.m.c.i.embedder.EclipseLogger - Using 'UTF-8' encoding to copy filtered resources.
2020-07-28 21:21:18,573 [Worker-185: Building] INFO  o.e.m.c.i.embedder.EclipseLogger - Copying 0 resource
2020-07-28 21:21:28,977 [Worker-176: Building] INFO  o.e.m.c.i.embedder.EclipseLogger - Using 'UTF-8' encoding to copy filtered resources.
2020-07-28 21:21:28,978 [Worker-176: Building] INFO  o.e.m.c.i.embedder.EclipseLogger - Copying 0 resource
2020-07-28 21:21:28,978 [Worker-176: Building] INFO  o.e.m.c.i.embedder.EclipseLogger - Copying 0 resource
2020-07-28 21:21:28,979 [Worker-176: Building] INFO  o.e.m.c.i.embedder.EclipseLogger - Using 'UTF-8' encoding to copy filtered resources.
2020-07-28 21:21:28,979 [Worker-176: Building] INFO  o.e.m.c.i.embedder.EclipseLogger - Copying 0 resource
2020-07-28 21:21:32,371 [Worker-185: Building] INFO  o.e.m.c.i.embedder.EclipseLogger - Using 'UTF-8' encoding to copy filtered resources.
2020-07-28 21:21:32,372 [Worker-185: Building] INFO  o.e.m.c.i.embedder.EclipseLogger - Copying 0 resource
2020-07-28 21:21:32,372 [Worker-185: Building] INFO  o.e.m.c.i.embedder.EclipseLogger - Copying 0 resource
2020-07-28 21:21:32,373 [Worker-185: Building] INFO  o.e.m.c.i.embedder.EclipseLogger - Using 'UTF-8' encoding to copy filtered resources.
2020-07-28 21:21:32,374 [Worker-185: Building] INFO  o.e.m.c.i.embedder.EclipseLogger - Copying 0 resource
2020-07-28 21:21:47,159 [Worker-187: Building] INFO  o.e.m.c.i.embedder.EclipseLogger - Using 'UTF-8' encoding to copy filtered resources.
2020-07-28 21:21:47,159 [Worker-187: Building] INFO  o.e.m.c.i.embedder.EclipseLogger - Copying 0 resource
2020-07-28 21:21:47,159 [Worker-187: Building] INFO  o.e.m.c.i.embedder.EclipseLogger - Copying 0 resource
2020-07-28 21:21:47,160 [Worker-187: Building] INFO  o.e.m.c.i.embedder.EclipseLogger - Using 'UTF-8' encoding to copy filtered resources.
2020-07-28 21:21:47,161 [Worker-187: Building] INFO  o.e.m.c.i.embedder.EclipseLogger - Copying 0 resource
2020-07-28 21:22:04,610 [Worker-181: Building] INFO  o.e.m.c.i.embedder.EclipseLogger - Using 'UTF-8' encoding to copy filtered resources.
2020-07-28 21:22:04,610 [Worker-181: Building] INFO  o.e.m.c.i.embedder.EclipseLogger - Copying 0 resource
2020-07-28 21:22:04,611 [Worker-181: Building] INFO  o.e.m.c.i.embedder.EclipseLogger - Copying 0 resource
2020-07-28 21:22:04,612 [Worker-181: Building] INFO  o.e.m.c.i.embedder.EclipseLogger - Using 'UTF-8' encoding to copy filtered resources.
2020-07-28 21:22:04,612 [Worker-181: Building] INFO  o.e.m.c.i.embedder.EclipseLogger - Copying 0 resource
2020-07-28 21:22:16,219 [Worker-183: Building] INFO  o.e.m.c.i.embedder.EclipseLogger - Using 'UTF-8' encoding to copy filtered resources.
2020-07-28 21:22:16,219 [Worker-183: Building] INFO  o.e.m.c.i.embedder.EclipseLogger - Copying 0 resource
2020-07-28 21:22:16,220 [Worker-183: Building] INFO  o.e.m.c.i.embedder.EclipseLogger - Copying 0 resource
2020-07-28 21:22:16,222 [Worker-183: Building] INFO  o.e.m.c.i.embedder.EclipseLogger - Using 'UTF-8' encoding to copy filtered resources.
2020-07-28 21:22:16,222 [Worker-183: Building] INFO  o.e.m.c.i.embedder.EclipseLogger - Copying 0 resource
2020-07-28 21:22:29,633 [Worker-176: Building] INFO  o.e.m.c.i.embedder.EclipseLogger - Using 'UTF-8' encoding to copy filtered resources.
2020-07-28 21:22:29,633 [Worker-176: Building] INFO  o.e.m.c.i.embedder.EclipseLogger - Copying 0 resource
2020-07-28 21:22:29,634 [Worker-176: Building] INFO  o.e.m.c.i.embedder.EclipseLogger - Copying 0 resource
2020-07-28 21:22:29,635 [Worker-176: Building] INFO  o.e.m.c.i.embedder.EclipseLogger - Using 'UTF-8' encoding to copy filtered resources.
2020-07-28 21:22:29,635 [Worker-176: Building] INFO  o.e.m.c.i.embedder.EclipseLogger - Copying 0 resource
2020-07-28 21:27:30,932 [Worker-191: Building] INFO  o.e.m.c.i.embedder.EclipseLogger - Using 'UTF-8' encoding to copy filtered resources.
2020-07-28 21:27:30,933 [Worker-191: Building] INFO  o.e.m.c.i.embedder.EclipseLogger - Copying 0 resource
2020-07-28 21:27:30,934 [Worker-191: Building] INFO  o.e.m.c.i.embedder.EclipseLogger - Copying 0 resource
2020-07-28 21:27:30,936 [Worker-191: Building] INFO  o.e.m.c.i.embedder.EclipseLogger - Using 'UTF-8' encoding to copy filtered resources.
2020-07-28 21:27:30,936 [Worker-191: Building] INFO  o.e.m.c.i.embedder.EclipseLogger - Copying 0 resource
2020-07-28 21:28:51,355 [Worker-194: Building] INFO  o.e.m.c.i.embedder.EclipseLogger - Using 'UTF-8' encoding to copy filtered resources.
2020-07-28 21:28:51,356 [Worker-194: Building] INFO  o.e.m.c.i.embedder.EclipseLogger - Copying 0 resource
2020-07-28 21:28:51,356 [Worker-194: Building] INFO  o.e.m.c.i.embedder.EclipseLogger - Copying 0 resource
2020-07-28 21:28:51,357 [Worker-194: Building] INFO  o.e.m.c.i.embedder.EclipseLogger - Using 'UTF-8' encoding to copy filtered resources.
2020-07-28 21:28:51,358 [Worker-194: Building] INFO  o.e.m.c.i.embedder.EclipseLogger - Copying 0 resource
2020-07-28 21:28:58,559 [Worker-188: Building] INFO  o.e.m.c.i.embedder.EclipseLogger - Using 'UTF-8' encoding to copy filtered resources.
2020-07-28 21:28:58,560 [Worker-188: Building] INFO  o.e.m.c.i.embedder.EclipseLogger - Copying 0 resource
2020-07-28 21:28:58,560 [Worker-188: Building] INFO  o.e.m.c.i.embedder.EclipseLogger - Copying 0 resource
2020-07-28 21:28:58,561 [Worker-188: Building] INFO  o.e.m.c.i.embedder.EclipseLogger - Using 'UTF-8' encoding to copy filtered resources.
2020-07-28 21:28:58,561 [Worker-188: Building] INFO  o.e.m.c.i.embedder.EclipseLogger - Copying 0 resource
2020-07-28 21:29:10,080 [Worker-191: Building] INFO  o.e.m.c.i.embedder.EclipseLogger - Using 'UTF-8' encoding to copy filtered resources.
2020-07-28 21:29:10,081 [Worker-191: Building] INFO  o.e.m.c.i.embedder.EclipseLogger - Copying 0 resource
2020-07-28 21:29:10,082 [Worker-191: Building] INFO  o.e.m.c.i.embedder.EclipseLogger - Copying 0 resource
2020-07-28 21:29:10,083 [Worker-191: Building] INFO  o.e.m.c.i.embedder.EclipseLogger - Using 'UTF-8' encoding to copy filtered resources.
2020-07-28 21:29:10,083 [Worker-191: Building] INFO  o.e.m.c.i.embedder.EclipseLogger - Copying 0 resource
2020-07-28 21:35:35,018 [Worker-197: Building] INFO  o.e.m.c.i.embedder.EclipseLogger - Using 'UTF-8' encoding to copy filtered resources.
2020-07-28 21:35:35,018 [Worker-197: Building] INFO  o.e.m.c.i.embedder.EclipseLogger - Copying 0 resource
2020-07-28 21:35:35,019 [Worker-197: Building] INFO  o.e.m.c.i.embedder.EclipseLogger - Copying 0 resource
2020-07-28 21:35:35,020 [Worker-197: Building] INFO  o.e.m.c.i.embedder.EclipseLogger - Using 'UTF-8' encoding to copy filtered resources.
2020-07-28 21:35:35,020 [Worker-197: Building] INFO  o.e.m.c.i.embedder.EclipseLogger - Copying 0 resource
2020-07-28 21:35:41,424 [Worker-197: Building] INFO  o.e.m.c.i.embedder.EclipseLogger - Using 'UTF-8' encoding to copy filtered resources.
2020-07-28 21:35:41,425 [Worker-197: Building] INFO  o.e.m.c.i.embedder.EclipseLogger - Copying 0 resource
2020-07-28 21:35:41,425 [Worker-197: Building] INFO  o.e.m.c.i.embedder.EclipseLogger - Copying 0 resource
2020-07-28 21:35:41,426 [Worker-197: Building] INFO  o.e.m.c.i.embedder.EclipseLogger - Using 'UTF-8' encoding to copy filtered resources.
2020-07-28 21:35:41,426 [Worker-197: Building] INFO  o.e.m.c.i.embedder.EclipseLogger - Copying 0 resource
2020-07-28 21:35:47,534 [Worker-200: Building] INFO  o.e.m.c.i.embedder.EclipseLogger - Using 'UTF-8' encoding to copy filtered resources.
2020-07-28 21:35:47,534 [Worker-200: Building] INFO  o.e.m.c.i.embedder.EclipseLogger - Copying 0 resource
2020-07-28 21:35:47,535 [Worker-200: Building] INFO  o.e.m.c.i.embedder.EclipseLogger - Copying 0 resource
2020-07-28 21:35:47,536 [Worker-200: Building] INFO  o.e.m.c.i.embedder.EclipseLogger - Using 'UTF-8' encoding to copy filtered resources.
2020-07-28 21:35:47,536 [Worker-200: Building] INFO  o.e.m.c.i.embedder.EclipseLogger - Copying 0 resource
2020-07-28 21:35:57,495 [Worker-190: Building] INFO  o.e.m.c.i.embedder.EclipseLogger - Using 'UTF-8' encoding to copy filtered resources.
2020-07-28 21:35:57,495 [Worker-190: Building] INFO  o.e.m.c.i.embedder.EclipseLogger - Copying 0 resource
2020-07-28 21:35:57,496 [Worker-190: Building] INFO  o.e.m.c.i.embedder.EclipseLogger - Copying 0 resource
2020-07-28 21:35:57,497 [Worker-190: Building] INFO  o.e.m.c.i.embedder.EclipseLogger - Using 'UTF-8' encoding to copy filtered resources.
2020-07-28 21:35:57,497 [Worker-190: Building] INFO  o.e.m.c.i.embedder.EclipseLogger - Copying 0 resource
2020-07-28 21:36:05,858 [Worker-199: Building] INFO  o.e.m.c.i.embedder.EclipseLogger - Using 'UTF-8' encoding to copy filtered resources.
2020-07-28 21:36:05,858 [Worker-199: Building] INFO  o.e.m.c.i.embedder.EclipseLogger - Copying 0 resource
2020-07-28 21:36:05,859 [Worker-199: Building] INFO  o.e.m.c.i.embedder.EclipseLogger - Copying 0 resource
2020-07-28 21:36:05,860 [Worker-199: Building] INFO  o.e.m.c.i.embedder.EclipseLogger - Using 'UTF-8' encoding to copy filtered resources.
2020-07-28 21:36:05,860 [Worker-199: Building] INFO  o.e.m.c.i.embedder.EclipseLogger - Copying 0 resource
2020-07-28 21:36:12,398 [Worker-198: Building] INFO  o.e.m.c.i.embedder.EclipseLogger - Using 'UTF-8' encoding to copy filtered resources.
2020-07-28 21:36:12,399 [Worker-198: Building] INFO  o.e.m.c.i.embedder.EclipseLogger - Copying 0 resource
2020-07-28 21:36:12,399 [Worker-198: Building] INFO  o.e.m.c.i.embedder.EclipseLogger - Copying 0 resource
2020-07-28 21:36:12,400 [Worker-198: Building] INFO  o.e.m.c.i.embedder.EclipseLogger - Using 'UTF-8' encoding to copy filtered resources.
2020-07-28 21:36:12,400 [Worker-198: Building] INFO  o.e.m.c.i.embedder.EclipseLogger - Copying 0 resource
2020-07-28 21:36:34,861 [Worker-198: Building] INFO  o.e.m.c.i.embedder.EclipseLogger - Using 'UTF-8' encoding to copy filtered resources.
2020-07-28 21:36:34,861 [Worker-198: Building] INFO  o.e.m.c.i.embedder.EclipseLogger - Copying 0 resource
2020-07-28 21:36:34,861 [Worker-198: Building] INFO  o.e.m.c.i.embedder.EclipseLogger - Copying 0 resource
2020-07-28 21:36:34,862 [Worker-198: Building] INFO  o.e.m.c.i.embedder.EclipseLogger - Using 'UTF-8' encoding to copy filtered resources.
2020-07-28 21:36:34,862 [Worker-198: Building] INFO  o.e.m.c.i.embedder.EclipseLogger - Copying 0 resource
2020-07-28 21:36:42,681 [Worker-196: Building] INFO  o.e.m.c.i.embedder.EclipseLogger - Using 'UTF-8' encoding to copy filtered resources.
2020-07-28 21:36:42,682 [Worker-196: Building] INFO  o.e.m.c.i.embedder.EclipseLogger - Copying 0 resource
2020-07-28 21:36:42,682 [Worker-196: Building] INFO  o.e.m.c.i.embedder.EclipseLogger - Copying 0 resource
2020-07-28 21:36:42,683 [Worker-196: Building] INFO  o.e.m.c.i.embedder.EclipseLogger - Using 'UTF-8' encoding to copy filtered resources.
2020-07-28 21:36:42,683 [Worker-196: Building] INFO  o.e.m.c.i.embedder.EclipseLogger - Copying 0 resource
2020-07-28 21:41:39,348 [Worker-203: Building] INFO  o.e.m.c.i.embedder.EclipseLogger - Using 'UTF-8' encoding to copy filtered resources.
2020-07-28 21:41:39,349 [Worker-203: Building] INFO  o.e.m.c.i.embedder.EclipseLogger - Copying 0 resource
2020-07-28 21:41:39,349 [Worker-203: Building] INFO  o.e.m.c.i.embedder.EclipseLogger - Copying 0 resource
2020-07-28 21:41:39,350 [Worker-203: Building] INFO  o.e.m.c.i.embedder.EclipseLogger - Using 'UTF-8' encoding to copy filtered resources.
2020-07-28 21:41:39,350 [Worker-203: Building] INFO  o.e.m.c.i.embedder.EclipseLogger - Copying 0 resource
2020-07-28 21:53:19,419 [Worker-218: Building] INFO  o.e.m.c.i.embedder.EclipseLogger - Using 'UTF-8' encoding to copy filtered resources.
2020-07-28 21:53:19,420 [Worker-218: Building] INFO  o.e.m.c.i.embedder.EclipseLogger - Copying 0 resource
2020-07-28 21:53:19,421 [Worker-218: Building] INFO  o.e.m.c.i.embedder.EclipseLogger - Copying 0 resource
2020-07-28 21:53:19,422 [Worker-218: Building] INFO  o.e.m.c.i.embedder.EclipseLogger - Using 'UTF-8' encoding to copy filtered resources.
2020-07-28 21:53:19,422 [Worker-218: Building] INFO  o.e.m.c.i.embedder.EclipseLogger - Copying 0 resource
2020-07-28 22:03:22,322 [Worker-244: Building] INFO  o.e.m.c.i.embedder.EclipseLogger - Using 'UTF-8' encoding to copy filtered resources.
2020-07-28 22:03:22,323 [Worker-244: Building] INFO  o.e.m.c.i.embedder.EclipseLogger - Copying 0 resource
2020-07-28 22:03:22,323 [Worker-244: Building] INFO  o.e.m.c.i.embedder.EclipseLogger - Copying 0 resource
2020-07-28 22:03:22,325 [Worker-244: Building] INFO  o.e.m.c.i.embedder.EclipseLogger - Using 'UTF-8' encoding to copy filtered resources.
2020-07-28 22:03:22,325 [Worker-244: Building] INFO  o.e.m.c.i.embedder.EclipseLogger - Copying 0 resource
2020-07-28 22:03:26,259 [Worker-245: Building] INFO  o.e.m.c.i.embedder.EclipseLogger - Using 'UTF-8' encoding to copy filtered resources.
2020-07-28 22:03:26,260 [Worker-245: Building] INFO  o.e.m.c.i.embedder.EclipseLogger - Copying 0 resource
2020-07-28 22:03:26,260 [Worker-245: Building] INFO  o.e.m.c.i.embedder.EclipseLogger - Copying 0 resource
2020-07-28 22:03:26,262 [Worker-245: Building] INFO  o.e.m.c.i.embedder.EclipseLogger - Using 'UTF-8' encoding to copy filtered resources.
2020-07-28 22:03:26,262 [Worker-245: Building] INFO  o.e.m.c.i.embedder.EclipseLogger - Copying 0 resource
2020-07-28 22:03:33,429 [Worker-246: Building] INFO  o.e.m.c.i.embedder.EclipseLogger - Using 'UTF-8' encoding to copy filtered resources.
2020-07-28 22:03:33,430 [Worker-246: Building] INFO  o.e.m.c.i.embedder.EclipseLogger - Copying 0 resource
2020-07-28 22:03:33,430 [Worker-246: Building] INFO  o.e.m.c.i.embedder.EclipseLogger - Copying 0 resource
2020-07-28 22:03:33,432 [Worker-246: Building] INFO  o.e.m.c.i.embedder.EclipseLogger - Using 'UTF-8' encoding to copy filtered resources.
2020-07-28 22:03:33,432 [Worker-246: Building] INFO  o.e.m.c.i.embedder.EclipseLogger - Copying 0 resource
2020-07-28 22:03:46,320 [Worker-244: Building] INFO  o.e.m.c.i.embedder.EclipseLogger - Using 'UTF-8' encoding to copy filtered resources.
2020-07-28 22:03:46,321 [Worker-244: Building] INFO  o.e.m.c.i.embedder.EclipseLogger - Copying 0 resource
2020-07-28 22:03:46,321 [Worker-244: Building] INFO  o.e.m.c.i.embedder.EclipseLogger - Copying 0 resource
2020-07-28 22:03:46,323 [Worker-244: Building] INFO  o.e.m.c.i.embedder.EclipseLogger - Using 'UTF-8' encoding to copy filtered resources.
2020-07-28 22:03:46,323 [Worker-244: Building] INFO  o.e.m.c.i.embedder.EclipseLogger - Copying 0 resource
2020-07-28 22:04:04,129 [Worker-242: Building] INFO  o.e.m.c.i.embedder.EclipseLogger - Using 'UTF-8' encoding to copy filtered resources.
2020-07-28 22:04:04,130 [Worker-242: Building] INFO  o.e.m.c.i.embedder.EclipseLogger - Copying 0 resource
2020-07-28 22:04:04,130 [Worker-242: Building] INFO  o.e.m.c.i.embedder.EclipseLogger - Copying 0 resource
2020-07-28 22:04:04,131 [Worker-242: Building] INFO  o.e.m.c.i.embedder.EclipseLogger - Using 'UTF-8' encoding to copy filtered resources.
2020-07-28 22:04:04,132 [Worker-242: Building] INFO  o.e.m.c.i.embedder.EclipseLogger - Copying 0 resource
2020-07-28 22:04:27,904 [Worker-246: Building] INFO  o.e.m.c.i.embedder.EclipseLogger - Using 'UTF-8' encoding to copy filtered resources.
2020-07-28 22:04:27,904 [Worker-246: Building] INFO  o.e.m.c.i.embedder.EclipseLogger - Copying 0 resource
2020-07-28 22:04:27,905 [Worker-246: Building] INFO  o.e.m.c.i.embedder.EclipseLogger - Copying 0 resource
2020-07-28 22:04:27,906 [Worker-246: Building] INFO  o.e.m.c.i.embedder.EclipseLogger - Using 'UTF-8' encoding to copy filtered resources.
2020-07-28 22:04:27,906 [Worker-246: Building] INFO  o.e.m.c.i.embedder.EclipseLogger - Copying 0 resource
2020-07-28 22:04:31,929 [Worker-243: Building] INFO  o.e.m.c.i.embedder.EclipseLogger - Using 'UTF-8' encoding to copy filtered resources.
2020-07-28 22:04:31,930 [Worker-243: Building] INFO  o.e.m.c.i.embedder.EclipseLogger - Copying 0 resource
2020-07-28 22:04:31,930 [Worker-243: Building] INFO  o.e.m.c.i.embedder.EclipseLogger - Copying 0 resource
2020-07-28 22:04:31,931 [Worker-243: Building] INFO  o.e.m.c.i.embedder.EclipseLogger - Using 'UTF-8' encoding to copy filtered resources.
2020-07-28 22:04:31,933 [Worker-243: Building] INFO  o.e.m.c.i.embedder.EclipseLogger - Copying 0 resource
2020-07-28 22:04:37,233 [Worker-247: Building] INFO  o.e.m.c.i.embedder.EclipseLogger - Using 'UTF-8' encoding to copy filtered resources.
2020-07-28 22:04:37,234 [Worker-247: Building] INFO  o.e.m.c.i.embedder.EclipseLogger - Copying 0 resource
2020-07-28 22:04:37,234 [Worker-247: Building] INFO  o.e.m.c.i.embedder.EclipseLogger - Copying 0 resource
2020-07-28 22:04:37,236 [Worker-247: Building] INFO  o.e.m.c.i.embedder.EclipseLogger - Using 'UTF-8' encoding to copy filtered resources.
2020-07-28 22:04:37,236 [Worker-247: Building] INFO  o.e.m.c.i.embedder.EclipseLogger - Copying 0 resource
2020-07-28 22:05:01,031 [Worker-248: Building] INFO  o.e.m.c.i.embedder.EclipseLogger - Using 'UTF-8' encoding to copy filtered resources.
2020-07-28 22:05:01,032 [Worker-248: Building] INFO  o.e.m.c.i.embedder.EclipseLogger - Copying 0 resource
2020-07-28 22:05:01,032 [Worker-248: Building] INFO  o.e.m.c.i.embedder.EclipseLogger - Copying 0 resource
2020-07-28 22:05:01,033 [Worker-248: Building] INFO  o.e.m.c.i.embedder.EclipseLogger - Using 'UTF-8' encoding to copy filtered resources.
2020-07-28 22:05:01,034 [Worker-248: Building] INFO  o.e.m.c.i.embedder.EclipseLogger - Copying 0 resource
2020-07-28 22:05:37,775 [Worker-226: Building] INFO  o.e.m.c.i.embedder.EclipseLogger - Using 'UTF-8' encoding to copy filtered resources.
2020-07-28 22:05:37,775 [Worker-226: Building] INFO  o.e.m.c.i.embedder.EclipseLogger - Copying 0 resource
2020-07-28 22:05:37,776 [Worker-226: Building] INFO  o.e.m.c.i.embedder.EclipseLogger - Copying 0 resource
2020-07-28 22:05:37,777 [Worker-226: Building] INFO  o.e.m.c.i.embedder.EclipseLogger - Using 'UTF-8' encoding to copy filtered resources.
2020-07-28 22:05:37,777 [Worker-226: Building] INFO  o.e.m.c.i.embedder.EclipseLogger - Copying 0 resource
2020-07-28 22:05:41,101 [Worker-226: Building] INFO  o.e.m.c.i.embedder.EclipseLogger - Using 'UTF-8' encoding to copy filtered resources.
2020-07-28 22:05:41,102 [Worker-226: Building] INFO  o.e.m.c.i.embedder.EclipseLogger - Copying 0 resource
2020-07-28 22:05:41,102 [Worker-226: Building] INFO  o.e.m.c.i.embedder.EclipseLogger - Copying 0 resource
2020-07-28 22:05:41,103 [Worker-226: Building] INFO  o.e.m.c.i.embedder.EclipseLogger - Using 'UTF-8' encoding to copy filtered resources.
2020-07-28 22:05:41,103 [Worker-226: Building] INFO  o.e.m.c.i.embedder.EclipseLogger - Copying 0 resource
2020-07-28 22:05:48,694 [Worker-245: Building] INFO  o.e.m.c.i.embedder.EclipseLogger - Using 'UTF-8' encoding to copy filtered resources.
2020-07-28 22:05:48,695 [Worker-245: Building] INFO  o.e.m.c.i.embedder.EclipseLogger - Copying 0 resource
2020-07-28 22:05:48,695 [Worker-245: Building] INFO  o.e.m.c.i.embedder.EclipseLogger - Copying 0 resource
2020-07-28 22:05:48,697 [Worker-245: Building] INFO  o.e.m.c.i.embedder.EclipseLogger - Using 'UTF-8' encoding to copy filtered resources.
2020-07-28 22:05:48,697 [Worker-245: Building] INFO  o.e.m.c.i.embedder.EclipseLogger - Copying 0 resource
2020-07-28 22:06:18,971 [Worker-245: Building] INFO  o.e.m.c.i.embedder.EclipseLogger - Using 'UTF-8' encoding to copy filtered resources.
2020-07-28 22:06:18,971 [Worker-245: Building] INFO  o.e.m.c.i.embedder.EclipseLogger - Copying 0 resource
2020-07-28 22:06:18,972 [Worker-245: Building] INFO  o.e.m.c.i.embedder.EclipseLogger - Copying 0 resource
2020-07-28 22:06:18,973 [Worker-245: Building] INFO  o.e.m.c.i.embedder.EclipseLogger - Using 'UTF-8' encoding to copy filtered resources.
2020-07-28 22:06:18,973 [Worker-245: Building] INFO  o.e.m.c.i.embedder.EclipseLogger - Copying 0 resource
2020-07-28 22:06:22,242 [Worker-234: Building] INFO  o.e.m.c.i.embedder.EclipseLogger - Using 'UTF-8' encoding to copy filtered resources.
2020-07-28 22:06:22,242 [Worker-234: Building] INFO  o.e.m.c.i.embedder.EclipseLogger - Copying 0 resource
2020-07-28 22:06:22,243 [Worker-234: Building] INFO  o.e.m.c.i.embedder.EclipseLogger - Copying 0 resource
2020-07-28 22:06:22,244 [Worker-234: Building] INFO  o.e.m.c.i.embedder.EclipseLogger - Using 'UTF-8' encoding to copy filtered resources.
2020-07-28 22:06:22,244 [Worker-234: Building] INFO  o.e.m.c.i.embedder.EclipseLogger - Copying 0 resource
2020-07-28 22:06:57,187 [Worker-247: Building] INFO  o.e.m.c.i.embedder.EclipseLogger - Using 'UTF-8' encoding to copy filtered resources.
2020-07-28 22:06:57,188 [Worker-247: Building] INFO  o.e.m.c.i.embedder.EclipseLogger - Copying 0 resource
2020-07-28 22:06:57,188 [Worker-247: Building] INFO  o.e.m.c.i.embedder.EclipseLogger - Copying 0 resource
2020-07-28 22:06:57,189 [Worker-247: Building] INFO  o.e.m.c.i.embedder.EclipseLogger - Using 'UTF-8' encoding to copy filtered resources.
2020-07-28 22:06:57,190 [Worker-247: Building] INFO  o.e.m.c.i.embedder.EclipseLogger - Copying 0 resource
2020-07-28 22:07:02,691 [Worker-228: Building] INFO  o.e.m.c.i.embedder.EclipseLogger - Using 'UTF-8' encoding to copy filtered resources.
2020-07-28 22:07:02,692 [Worker-228: Building] INFO  o.e.m.c.i.embedder.EclipseLogger - Copying 0 resource
2020-07-28 22:07:02,692 [Worker-228: Building] INFO  o.e.m.c.i.embedder.EclipseLogger - Copying 0 resource
2020-07-28 22:07:02,694 [Worker-228: Building] INFO  o.e.m.c.i.embedder.EclipseLogger - Using 'UTF-8' encoding to copy filtered resources.
2020-07-28 22:07:02,694 [Worker-228: Building] INFO  o.e.m.c.i.embedder.EclipseLogger - Copying 0 resource
2020-07-28 22:07:06,638 [Worker-247: Building] INFO  o.e.m.c.i.embedder.EclipseLogger - Using 'UTF-8' encoding to copy filtered resources.
2020-07-28 22:07:06,638 [Worker-247: Building] INFO  o.e.m.c.i.embedder.EclipseLogger - Copying 0 resource
2020-07-28 22:07:06,639 [Worker-247: Building] INFO  o.e.m.c.i.embedder.EclipseLogger - Copying 0 resource
2020-07-28 22:07:06,639 [Worker-247: Building] INFO  o.e.m.c.i.embedder.EclipseLogger - Using 'UTF-8' encoding to copy filtered resources.
2020-07-28 22:07:06,640 [Worker-247: Building] INFO  o.e.m.c.i.embedder.EclipseLogger - Copying 0 resource
2020-07-28 22:07:11,418 [Worker-247: Building] INFO  o.e.m.c.i.embedder.EclipseLogger - Using 'UTF-8' encoding to copy filtered resources.
2020-07-28 22:07:11,418 [Worker-247: Building] INFO  o.e.m.c.i.embedder.EclipseLogger - Copying 0 resource
2020-07-28 22:07:11,419 [Worker-247: Building] INFO  o.e.m.c.i.embedder.EclipseLogger - Copying 0 resource
2020-07-28 22:07:11,420 [Worker-247: Building] INFO  o.e.m.c.i.embedder.EclipseLogger - Using 'UTF-8' encoding to copy filtered resources.
2020-07-28 22:07:11,420 [Worker-247: Building] INFO  o.e.m.c.i.embedder.EclipseLogger - Copying 0 resource
2020-07-28 22:07:57,341 [Worker-243: Building] INFO  o.e.m.c.i.embedder.EclipseLogger - Using 'UTF-8' encoding to copy filtered resources.
2020-07-28 22:07:57,342 [Worker-243: Building] INFO  o.e.m.c.i.embedder.EclipseLogger - Copying 0 resource
2020-07-28 22:07:57,342 [Worker-243: Building] INFO  o.e.m.c.i.embedder.EclipseLogger - Copying 0 resource
2020-07-28 22:07:57,343 [Worker-243: Building] INFO  o.e.m.c.i.embedder.EclipseLogger - Using 'UTF-8' encoding to copy filtered resources.
2020-07-28 22:07:57,343 [Worker-243: Building] INFO  o.e.m.c.i.embedder.EclipseLogger - Copying 0 resource
2020-07-28 22:08:09,308 [Worker-247: Building] INFO  o.e.m.c.i.embedder.EclipseLogger - Using 'UTF-8' encoding to copy filtered resources.
2020-07-28 22:08:09,308 [Worker-247: Building] INFO  o.e.m.c.i.embedder.EclipseLogger - Copying 0 resource
2020-07-28 22:08:09,309 [Worker-247: Building] INFO  o.e.m.c.i.embedder.EclipseLogger - Copying 0 resource
2020-07-28 22:08:09,310 [Worker-247: Building] INFO  o.e.m.c.i.embedder.EclipseLogger - Using 'UTF-8' encoding to copy filtered resources.
2020-07-28 22:08:09,310 [Worker-247: Building] INFO  o.e.m.c.i.embedder.EclipseLogger - Copying 0 resource
2020-07-28 22:38:55,332 [Worker-276: Building] INFO  o.e.m.c.i.embedder.EclipseLogger - Using 'UTF-8' encoding to copy filtered resources.
2020-07-28 22:38:55,333 [Worker-276: Building] INFO  o.e.m.c.i.embedder.EclipseLogger - Copying 0 resource
2020-07-28 22:38:55,333 [Worker-276: Building] INFO  o.e.m.c.i.embedder.EclipseLogger - Copying 0 resource
2020-07-28 22:38:55,334 [Worker-276: Building] INFO  o.e.m.c.i.embedder.EclipseLogger - Using 'UTF-8' encoding to copy filtered resources.
2020-07-28 22:38:55,335 [Worker-276: Building] INFO  o.e.m.c.i.embedder.EclipseLogger - Copying 0 resource
2020-07-28 22:40:03,207 [Worker-278: Building] INFO  o.e.m.c.i.embedder.EclipseLogger - Using 'UTF-8' encoding to copy filtered resources.
2020-07-28 22:40:03,207 [Worker-278: Building] INFO  o.e.m.c.i.embedder.EclipseLogger - Copying 0 resource
2020-07-28 22:40:03,208 [Worker-278: Building] INFO  o.e.m.c.i.embedder.EclipseLogger - Copying 0 resource
2020-07-28 22:40:03,209 [Worker-278: Building] INFO  o.e.m.c.i.embedder.EclipseLogger - Using 'UTF-8' encoding to copy filtered resources.
2020-07-28 22:40:03,209 [Worker-278: Building] INFO  o.e.m.c.i.embedder.EclipseLogger - Copying 0 resource
2020-07-28 22:40:11,463 [Worker-272: Building] INFO  o.e.m.c.i.embedder.EclipseLogger - Using 'UTF-8' encoding to copy filtered resources.
2020-07-28 22:40:11,464 [Worker-272: Building] INFO  o.e.m.c.i.embedder.EclipseLogger - Copying 0 resource
2020-07-28 22:40:11,464 [Worker-272: Building] INFO  o.e.m.c.i.embedder.EclipseLogger - Copying 0 resource
2020-07-28 22:40:11,465 [Worker-272: Building] INFO  o.e.m.c.i.embedder.EclipseLogger - Using 'UTF-8' encoding to copy filtered resources.
2020-07-28 22:40:11,466 [Worker-272: Building] INFO  o.e.m.c.i.embedder.EclipseLogger - Copying 0 resource
2020-07-28 22:40:16,447 [Worker-276: Building] INFO  o.e.m.c.i.embedder.EclipseLogger - Using 'UTF-8' encoding to copy filtered resources.
2020-07-28 22:40:16,448 [Worker-276: Building] INFO  o.e.m.c.i.embedder.EclipseLogger - Copying 0 resource
2020-07-28 22:40:16,448 [Worker-276: Building] INFO  o.e.m.c.i.embedder.EclipseLogger - Copying 0 resource
2020-07-28 22:40:16,449 [Worker-276: Building] INFO  o.e.m.c.i.embedder.EclipseLogger - Using 'UTF-8' encoding to copy filtered resources.
2020-07-28 22:40:16,449 [Worker-276: Building] INFO  o.e.m.c.i.embedder.EclipseLogger - Copying 0 resource
2020-07-28 22:41:06,954 [Worker-281: Building] INFO  o.e.m.c.i.embedder.EclipseLogger - Using 'UTF-8' encoding to copy filtered resources.
2020-07-28 22:41:06,955 [Worker-281: Building] INFO  o.e.m.c.i.embedder.EclipseLogger - Copying 0 resource
2020-07-28 22:41:06,955 [Worker-281: Building] INFO  o.e.m.c.i.embedder.EclipseLogger - Copying 0 resource
2020-07-28 22:41:06,956 [Worker-281: Building] INFO  o.e.m.c.i.embedder.EclipseLogger - Using 'UTF-8' encoding to copy filtered resources.
2020-07-28 22:41:06,956 [Worker-281: Building] INFO  o.e.m.c.i.embedder.EclipseLogger - Copying 0 resource
2020-07-28 22:41:45,978 [Worker-280: Building] INFO  o.e.m.c.i.embedder.EclipseLogger - Using 'UTF-8' encoding to copy filtered resources.
2020-07-28 22:41:45,979 [Worker-280: Building] INFO  o.e.m.c.i.embedder.EclipseLogger - Copying 0 resource
2020-07-28 22:41:45,979 [Worker-280: Building] INFO  o.e.m.c.i.embedder.EclipseLogger - Copying 0 resource
2020-07-28 22:41:45,980 [Worker-280: Building] INFO  o.e.m.c.i.embedder.EclipseLogger - Using 'UTF-8' encoding to copy filtered resources.
2020-07-28 22:41:45,981 [Worker-280: Building] INFO  o.e.m.c.i.embedder.EclipseLogger - Copying 0 resource
2020-07-28 22:41:54,867 [Worker-280: Building] INFO  o.e.m.c.i.embedder.EclipseLogger - Using 'UTF-8' encoding to copy filtered resources.
2020-07-28 22:41:54,868 [Worker-280: Building] INFO  o.e.m.c.i.embedder.EclipseLogger - Copying 0 resource
2020-07-28 22:41:54,868 [Worker-280: Building] INFO  o.e.m.c.i.embedder.EclipseLogger - Copying 0 resource
2020-07-28 22:41:54,869 [Worker-280: Building] INFO  o.e.m.c.i.embedder.EclipseLogger - Using 'UTF-8' encoding to copy filtered resources.
2020-07-28 22:41:54,870 [Worker-280: Building] INFO  o.e.m.c.i.embedder.EclipseLogger - Copying 0 resource
2020-07-28 22:44:23,439 [Worker-286: Building] INFO  o.e.m.c.i.embedder.EclipseLogger - Using 'UTF-8' encoding to copy filtered resources.
2020-07-28 22:44:23,439 [Worker-286: Building] INFO  o.e.m.c.i.embedder.EclipseLogger - Copying 0 resource
2020-07-28 22:44:23,440 [Worker-286: Building] INFO  o.e.m.c.i.embedder.EclipseLogger - Copying 0 resource
2020-07-28 22:44:23,442 [Worker-286: Building] INFO  o.e.m.c.i.embedder.EclipseLogger - Using 'UTF-8' encoding to copy filtered resources.
2020-07-28 22:44:23,442 [Worker-286: Building] INFO  o.e.m.c.i.embedder.EclipseLogger - Copying 0 resource
2020-07-28 22:44:36,841 [Worker-286: Building] INFO  o.e.m.c.i.embedder.EclipseLogger - Using 'UTF-8' encoding to copy filtered resources.
2020-07-28 22:44:36,842 [Worker-286: Building] INFO  o.e.m.c.i.embedder.EclipseLogger - Copying 0 resource
2020-07-28 22:44:36,842 [Worker-286: Building] INFO  o.e.m.c.i.embedder.EclipseLogger - Copying 0 resource
2020-07-28 22:44:36,844 [Worker-286: Building] INFO  o.e.m.c.i.embedder.EclipseLogger - Using 'UTF-8' encoding to copy filtered resources.
2020-07-28 22:44:36,844 [Worker-286: Building] INFO  o.e.m.c.i.embedder.EclipseLogger - Copying 0 resource
2020-07-28 22:45:26,358 [Worker-273: Building] INFO  o.e.m.c.i.embedder.EclipseLogger - Using 'UTF-8' encoding to copy filtered resources.
2020-07-28 22:45:26,359 [Worker-273: Building] INFO  o.e.m.c.i.embedder.EclipseLogger - Copying 0 resource
2020-07-28 22:45:26,359 [Worker-273: Building] INFO  o.e.m.c.i.embedder.EclipseLogger - Copying 0 resource
2020-07-28 22:45:26,360 [Worker-273: Building] INFO  o.e.m.c.i.embedder.EclipseLogger - Using 'UTF-8' encoding to copy filtered resources.
2020-07-28 22:45:26,360 [Worker-273: Building] INFO  o.e.m.c.i.embedder.EclipseLogger - Copying 0 resource
2020-07-28 22:45:45,740 [Worker-286: Building] INFO  o.e.m.c.i.embedder.EclipseLogger - Using 'UTF-8' encoding to copy filtered resources.
2020-07-28 22:45:45,741 [Worker-286: Building] INFO  o.e.m.c.i.embedder.EclipseLogger - Copying 0 resource
2020-07-28 22:45:45,741 [Worker-286: Building] INFO  o.e.m.c.i.embedder.EclipseLogger - Copying 0 resource
2020-07-28 22:45:45,743 [Worker-286: Building] INFO  o.e.m.c.i.embedder.EclipseLogger - Using 'UTF-8' encoding to copy filtered resources.
2020-07-28 22:45:45,743 [Worker-286: Building] INFO  o.e.m.c.i.embedder.EclipseLogger - Copying 0 resource
2020-07-28 22:45:55,913 [Worker-289: Building] INFO  o.e.m.c.i.embedder.EclipseLogger - Using 'UTF-8' encoding to copy filtered resources.
2020-07-28 22:45:55,913 [Worker-289: Building] INFO  o.e.m.c.i.embedder.EclipseLogger - Copying 0 resource
2020-07-28 22:45:55,914 [Worker-289: Building] INFO  o.e.m.c.i.embedder.EclipseLogger - Copying 0 resource
2020-07-28 22:45:55,915 [Worker-289: Building] INFO  o.e.m.c.i.embedder.EclipseLogger - Using 'UTF-8' encoding to copy filtered resources.
2020-07-28 22:45:55,915 [Worker-289: Building] INFO  o.e.m.c.i.embedder.EclipseLogger - Copying 0 resource
2020-07-28 22:46:11,183 [Worker-290: Building] INFO  o.e.m.c.i.embedder.EclipseLogger - Using 'UTF-8' encoding to copy filtered resources.
2020-07-28 22:46:11,184 [Worker-290: Building] INFO  o.e.m.c.i.embedder.EclipseLogger - Copying 0 resource
2020-07-28 22:46:11,184 [Worker-290: Building] INFO  o.e.m.c.i.embedder.EclipseLogger - Copying 0 resource
2020-07-28 22:46:11,186 [Worker-290: Building] INFO  o.e.m.c.i.embedder.EclipseLogger - Using 'UTF-8' encoding to copy filtered resources.
2020-07-28 22:46:11,186 [Worker-290: Building] INFO  o.e.m.c.i.embedder.EclipseLogger - Copying 0 resource
2020-07-28 22:47:01,920 [Worker-289: Building] INFO  o.e.m.c.i.embedder.EclipseLogger - Using 'UTF-8' encoding to copy filtered resources.
2020-07-28 22:47:01,920 [Worker-289: Building] INFO  o.e.m.c.i.embedder.EclipseLogger - Copying 0 resource
2020-07-28 22:47:01,921 [Worker-289: Building] INFO  o.e.m.c.i.embedder.EclipseLogger - Copying 0 resource
2020-07-28 22:47:01,922 [Worker-289: Building] INFO  o.e.m.c.i.embedder.EclipseLogger - Using 'UTF-8' encoding to copy filtered resources.
2020-07-28 22:47:01,922 [Worker-289: Building] INFO  o.e.m.c.i.embedder.EclipseLogger - Copying 0 resource
2020-07-28 22:47:10,778 [Worker-286: Building] INFO  o.e.m.c.i.embedder.EclipseLogger - Using 'UTF-8' encoding to copy filtered resources.
2020-07-28 22:47:10,779 [Worker-286: Building] INFO  o.e.m.c.i.embedder.EclipseLogger - Copying 0 resource
2020-07-28 22:47:10,779 [Worker-286: Building] INFO  o.e.m.c.i.embedder.EclipseLogger - Copying 0 resource
2020-07-28 22:47:10,780 [Worker-286: Building] INFO  o.e.m.c.i.embedder.EclipseLogger - Using 'UTF-8' encoding to copy filtered resources.
2020-07-28 22:47:10,780 [Worker-286: Building] INFO  o.e.m.c.i.embedder.EclipseLogger - Copying 0 resource
2020-07-28 22:47:32,322 [Worker-281: Building] INFO  o.e.m.c.i.embedder.EclipseLogger - Using 'UTF-8' encoding to copy filtered resources.
2020-07-28 22:47:32,322 [Worker-281: Building] INFO  o.e.m.c.i.embedder.EclipseLogger - Copying 0 resource
2020-07-28 22:47:32,323 [Worker-281: Building] INFO  o.e.m.c.i.embedder.EclipseLogger - Copying 0 resource
2020-07-28 22:47:32,324 [Worker-281: Building] INFO  o.e.m.c.i.embedder.EclipseLogger - Using 'UTF-8' encoding to copy filtered resources.
2020-07-28 22:47:32,324 [Worker-281: Building] INFO  o.e.m.c.i.embedder.EclipseLogger - Copying 0 resource
2020-07-28 22:47:38,944 [Worker-246: Building] INFO  o.e.m.c.i.embedder.EclipseLogger - Using 'UTF-8' encoding to copy filtered resources.
2020-07-28 22:47:38,944 [Worker-246: Building] INFO  o.e.m.c.i.embedder.EclipseLogger - Copying 0 resource
2020-07-28 22:47:38,945 [Worker-246: Building] INFO  o.e.m.c.i.embedder.EclipseLogger - Copying 0 resource
2020-07-28 22:47:38,946 [Worker-246: Building] INFO  o.e.m.c.i.embedder.EclipseLogger - Using 'UTF-8' encoding to copy filtered resources.
2020-07-28 22:47:38,946 [Worker-246: Building] INFO  o.e.m.c.i.embedder.EclipseLogger - Copying 0 resource
2020-07-28 22:49:40,248 [Worker-289: Building] INFO  o.e.m.c.i.embedder.EclipseLogger - Using 'UTF-8' encoding to copy filtered resources.
2020-07-28 22:49:40,249 [Worker-289: Building] INFO  o.e.m.c.i.embedder.EclipseLogger - Copying 0 resource
2020-07-28 22:49:40,249 [Worker-289: Building] INFO  o.e.m.c.i.embedder.EclipseLogger - Copying 0 resource
2020-07-28 22:49:40,251 [Worker-289: Building] INFO  o.e.m.c.i.embedder.EclipseLogger - Using 'UTF-8' encoding to copy filtered resources.
2020-07-28 22:49:40,251 [Worker-289: Building] INFO  o.e.m.c.i.embedder.EclipseLogger - Copying 0 resource
2020-07-28 22:49:51,592 [Worker-289: Building] INFO  o.e.m.c.i.embedder.EclipseLogger - Using 'UTF-8' encoding to copy filtered resources.
2020-07-28 22:49:51,593 [Worker-289: Building] INFO  o.e.m.c.i.embedder.EclipseLogger - Copying 0 resource
2020-07-28 22:49:51,594 [Worker-289: Building] INFO  o.e.m.c.i.embedder.EclipseLogger - Copying 0 resource
2020-07-28 22:49:51,595 [Worker-289: Building] INFO  o.e.m.c.i.embedder.EclipseLogger - Using 'UTF-8' encoding to copy filtered resources.
2020-07-28 22:49:51,595 [Worker-289: Building] INFO  o.e.m.c.i.embedder.EclipseLogger - Copying 0 resource
2020-07-28 22:50:15,260 [Worker-284: Building] INFO  o.e.m.c.i.embedder.EclipseLogger - Using 'UTF-8' encoding to copy filtered resources.
2020-07-28 22:50:15,261 [Worker-284: Building] INFO  o.e.m.c.i.embedder.EclipseLogger - Copying 0 resource
2020-07-28 22:50:15,261 [Worker-284: Building] INFO  o.e.m.c.i.embedder.EclipseLogger - Copying 0 resource
2020-07-28 22:50:15,262 [Worker-284: Building] INFO  o.e.m.c.i.embedder.EclipseLogger - Using 'UTF-8' encoding to copy filtered resources.
2020-07-28 22:50:15,262 [Worker-284: Building] INFO  o.e.m.c.i.embedder.EclipseLogger - Copying 0 resource
2020-07-28 22:54:37,777 [Worker-273: Building] INFO  o.e.m.c.i.embedder.EclipseLogger - Using 'UTF-8' encoding to copy filtered resources.
2020-07-28 22:54:37,778 [Worker-273: Building] INFO  o.e.m.c.i.embedder.EclipseLogger - Copying 0 resource
2020-07-28 22:54:37,778 [Worker-273: Building] INFO  o.e.m.c.i.embedder.EclipseLogger - Copying 0 resource
2020-07-28 22:54:37,779 [Worker-273: Building] INFO  o.e.m.c.i.embedder.EclipseLogger - Using 'UTF-8' encoding to copy filtered resources.
2020-07-28 22:54:37,780 [Worker-273: Building] INFO  o.e.m.c.i.embedder.EclipseLogger - Copying 0 resource
2020-07-28 22:59:22,936 [Worker-302: Building] INFO  o.e.m.c.i.embedder.EclipseLogger - Using 'UTF-8' encoding to copy filtered resources.
2020-07-28 22:59:22,936 [Worker-302: Building] INFO  o.e.m.c.i.embedder.EclipseLogger - Copying 0 resource
2020-07-28 22:59:22,937 [Worker-302: Building] INFO  o.e.m.c.i.embedder.EclipseLogger - Copying 0 resource
2020-07-28 22:59:22,938 [Worker-302: Building] INFO  o.e.m.c.i.embedder.EclipseLogger - Using 'UTF-8' encoding to copy filtered resources.
2020-07-28 22:59:22,938 [Worker-302: Building] INFO  o.e.m.c.i.embedder.EclipseLogger - Copying 0 resource
